1********************DWUCK4 AT YOUR SERVICE********************

 installed         Mon May 21 11:05:50 1990                
 today is          Mon Dec  1 14:56:29 2025                




















                    *******************************************************
                    *                                                     *
                    * User     : sjf                                      *
                    * Directory: /Users/sjf/dwba/36S                      *
                    * Input    : Standard Input                           *
                    * Output   : Standard Output                          *
                    *                                                     *
                    *******************************************************
1
0DWUCK4-DISTORTED WAVES U.COLORADO- PC-VERSION  12/Jan /1995
 Elapsed time in seconds =   0.00
 Elapsed time in seconds =   0.00
0CONTROL INTEGERS
  1 2 3 4 5 6 7 8 9 A B C D E F G H I J K    RUN IDENTIFICATION                                            25/01/12  14.56.29
  1 0 0 1 0 0 0 0 0 0 2 0 0 0 0 0 0 0 0 0    36S(d,p)@ 8MeV    0 keV  0f7/2 bound ZR                     
 36S(d,p)@ 8MeV    0 keV  0f7/2 bound ZR                     
 Adwck4 entered
0ANGLE DATA          THETN=  90.0000   THET1=   0.0000   DTHET=   1.0000   A-ANG=   0.0000   B-ANG=   0.0000
0CARD SET 3 DATA     LMAX =  30          LTR=   3
                     NLTR =   1        2*JTR=   7
0CARD SET 4 DATA     DRF  =   0.3000   RZ   =   0.0000   RMAX =  50.0000   VCE  =   0.0000   FNRNG=   0.7000
 PARTICLE DATA 
0PARTICLE 1*******************************************************************************************************************
 INPUT DATA          ELAB =   8.0000   RC0  =   1.3030   AC   =   0.0000   2*STR=   2.0000
                     MASSP=   2.0000   MASST=  36.0000   Q    =   0.0000
                     ZP   =   1.0000   ZT   =  16.0000   PNLOC=   0.0000
 
 DERIVED DATA        ECM  =   7.5789   RC   =   4.3024   RHO  =   3.5662
                     K    =   0.8289   ETA  =   1.2599   DR   =   0.3000
0POTENTIAL PARAMETERS
 NX=1 VOLUME  W-S    V RL = -92.9760   R0RL =   1.1500   A RL =   0.7610   R RL =   3.7972   VSOR =   0.0000
                     V IM =  -1.6020   R0IM =   1.3350   A IM =   0.5250   R IM =   4.4081   VSOI =   0.0000   POWR =   0.0000
 NX=2 SURFACE W-S    V RL =   0.0000   R0RL =   0.0000   A RL =   0.0000   R RL =   0.0000   VSOR =   0.0000
                     V IM =  42.3400   R0IM =   1.3800   A IM =   0.7360   R IM =   4.5567   VSOI =   0.0000   POWR =   0.0000
 NX=4 L*S VOLUME     V RL = -14.2280   R0RL =   0.9720   A RL =   1.0110   R RL =   3.2095   VSOR =   0.0000
                     V IM =   0.0000   R0IM =   0.0000   A IM =   0.0000   R IM =   0.0000   VSOI =   0.0000   POWR =   0.0000
0PARTICLE 2*******************************************************************************************************************
 INPUT DATA          ELAB =   9.9190   RC0  =   1.2920   AC   =   0.0000   2*STR=   1.0000
                     MASSP=   1.0000   MASST=  37.0000   Q    =   2.0790
                     ZP   =   1.0000   ZT   =  16.0000   PNLOC=   0.0000
 
 DERIVED DATA        ECM  =   9.6579   RC   =   4.3052   RHO  =   2.8878
                     K    =   0.6708   ETA  =   0.8001   DR   =   0.2919
0POTENTIAL PARAMETERS
 NX=1 VOLUME  W-S    V RL = -56.2490   R0RL =   1.1820   A RL =   0.6720   R RL =   3.9387   VSOR =   0.0000
                     V IM =  -0.7860   R0IM =   1.1820   A IM =   0.6720   R IM =   3.9387   VSOI =   0.0000   POWR =   0.0000
 NX=2 SURFACE W-S    V RL =   0.0000   R0RL =   0.0000   A RL =   0.0000   R RL =   0.0000   VSOR =   0.0000
                     V IM =  34.8360   R0IM =   1.2900   A IM =   0.5380   R IM =   4.2986   VSOI =   0.0000   POWR =   0.0000
 NX=4 L*S VOLUME     V RL = -22.4560   R0RL =   0.9910   A RL =   0.5900   R RL =   3.3022   VSOR =   0.0000
                     V IM =   0.1560   R0IM =   0.9910   A IM =   0.5900   R IM =   3.3022   VSOI =   0.0000   POWR =   0.0000
136S(d,p)@ 8MeV    0 keV  0f7/2 bound ZR                       25/ 1/12
0FORM FACTOR DATA 
0PARTICLE 3*******************************************************************************************************************
 INPUT DATA          ELAB =  -4.3040   RC0  =   1.3000   AC   =   0.0000   2*STR=   1.0000
                     MASSP=   1.0000   MASST=  36.0000   Q    =  -4.3040
                     ZP   =   0.0000   ZT   =  16.0000   PNLOC=   0.0000
 
 DERIVED DATA        ECM  =  -4.3040   RC   =   4.2925   RHO  =   1.9214
                     K    =   0.4476   ETA  =   0.0000   DR   =   0.3000
0POTENTIAL PARAMETERS
 NX=1 VOLUME  W-S    V RL =  -1.0000   R0RL =   1.2800   A RL =   0.6500   R RL =   4.2265   VSOR =  24.0000
                     V IM =   0.0000   R0IM =   0.0000   A IM =   0.0000   R IM =   0.0000   VSOI =   0.0000   POWR =   0.0000
 
                     NODES=   0.0000   L    =   3.0000   2*J  =   7.0000   2*S  =   1.0000   FISW =   0.0000
 
                     V    =  47.9967   DET  =   0.0005   NODES=   0.0000   RM   =   4.9500   E    =  -4.3040   ITER.=   4
0                    LMAX =  30        NSTEP= 166        NLTR =   1
 Bdwck4 entered
   Subroutine INTEG  entered
0REACSIG 1   1.28188E+02                                             REACSIG 2   9.06265E+01
   Subroutine RADINT entered
136S(d,p)@ 8MeV    0 keV  0f7/2 bound ZR                       25/01/12
0BASIC DATA          DR   =   0.3000   RMIN =   0.0000   RMAX =  49.8000   COUEX=   0.0000     IS1=   1.0000
                     FNRNG=   0.7000   PNLC1=   0.0000   PNLC2=   0.0000   PNLC3=   0.0000     IS2=   0.5000
 ANG MOM TRANSFER    LTR  =   3.       2*JTR=   7.       2*STR=   1.       Q    =   2.0790
   Subroutine INSIG  entered
0 Theta Inelsig,fm**2      Polz       Asy       Ayy       A22       A21       A20       T22       T21       T20  Theta
   0.00    3.0053E-01    0.0000    0.0000   -0.0272    0.0000    0.0000    0.0390    0.0000    0.0000    0.0000   0.00
   1.00    3.0095E-01   -0.0099   -0.0266   -0.0270   -0.0000   -0.0004    0.0389    0.0000    0.0000    0.0000   1.00
   2.00    3.0220E-01   -0.0197   -0.0528   -0.0267   -0.0002   -0.0008    0.0387    0.0000    0.0000    0.0000   2.00
   3.00    3.0425E-01   -0.0293   -0.0783   -0.0261   -0.0003   -0.0013    0.0383    0.0000    0.0000    0.0000   3.00
   4.00    3.0708E-01   -0.0386   -0.1027   -0.0253   -0.0006   -0.0017    0.0378    0.0000    0.0000    0.0000   4.00
   5.00    3.1064E-01   -0.0474   -0.1257   -0.0242   -0.0009   -0.0021    0.0371    0.0000    0.0000    0.0000   5.00
   6.00    3.1489E-01   -0.0558   -0.1471   -0.0230   -0.0013   -0.0026    0.0363    0.0000    0.0000    0.0000   6.00
   7.00    3.1980E-01   -0.0636   -0.1666   -0.0215   -0.0018   -0.0030    0.0354    0.0000    0.0000    0.0000   7.00
   8.00    3.2532E-01   -0.0707   -0.1840   -0.0198   -0.0024   -0.0035    0.0344    0.0000    0.0000    0.0000   8.00
   9.00    3.3145E-01   -0.0772   -0.1992   -0.0180   -0.0030   -0.0039    0.0332    0.0000    0.0000    0.0000   9.00
  10.00    3.3816E-01   -0.0828   -0.2120   -0.0159   -0.0036   -0.0044    0.0319    0.0000    0.0000    0.0000  10.00
  11.00    3.4548E-01   -0.0875   -0.2224   -0.0138   -0.0043   -0.0049    0.0306    0.0000    0.0000    0.0000  11.00
  12.00    3.5344E-01   -0.0914   -0.2303   -0.0114   -0.0050   -0.0053    0.0291    0.0000    0.0000    0.0000  12.00
  13.00    3.6208E-01   -0.0942   -0.2355   -0.0090   -0.0058   -0.0058    0.0276    0.0000    0.0000    0.0000  13.00
  14.00    3.7146E-01   -0.0960   -0.2381   -0.0066   -0.0066   -0.0062    0.0259    0.0000    0.0000    0.0000  14.00
  15.00    3.8166E-01   -0.0968   -0.2381   -0.0040   -0.0073   -0.0067    0.0242    0.0000    0.0000    0.0000  15.00
  16.00    3.9274E-01   -0.0964   -0.2356   -0.0015   -0.0081   -0.0070    0.0225    0.0000    0.0000    0.0000  16.00
  17.00    4.0477E-01   -0.0951   -0.2306    0.0010   -0.0088   -0.0074    0.0207    0.0000    0.0000    0.0000  17.00
  18.00    4.1782E-01   -0.0927   -0.2234    0.0034   -0.0094   -0.0077    0.0189    0.0000    0.0000    0.0000  18.00
  19.00    4.3191E-01   -0.0893   -0.2140    0.0056   -0.0100   -0.0080    0.0171    0.0000    0.0000    0.0000  19.00
  20.00    4.4705E-01   -0.0851   -0.2028    0.0078   -0.0105   -0.0082    0.0153    0.0000    0.0000    0.0000  20.00
  21.00    4.6324E-01   -0.0802   -0.1901    0.0097   -0.0109   -0.0084    0.0136    0.0000    0.0000    0.0000  21.00
  22.00    4.8041E-01   -0.0746   -0.1762    0.0115   -0.0113   -0.0085    0.0120    0.0000    0.0000    0.0000  22.00
  23.00    4.9847E-01   -0.0685   -0.1613    0.0130   -0.0115   -0.0085    0.0104    0.0000    0.0000    0.0000  23.00
  24.00    5.1729E-01   -0.0621   -0.1459    0.0142   -0.0116   -0.0085    0.0090    0.0000    0.0000    0.0000  24.00
  25.00    5.3669E-01   -0.0555   -0.1300    0.0152   -0.0117   -0.0085    0.0077    0.0000    0.0000    0.0000  25.00
  26.00    5.5645E-01   -0.0488   -0.1141    0.0160   -0.0116   -0.0084    0.0065    0.0000    0.0000    0.0000  26.00
  27.00    5.7635E-01   -0.0421   -0.0984    0.0166   -0.0115   -0.0083    0.0054    0.0000    0.0000    0.0000  27.00
  28.00    5.9610E-01   -0.0355   -0.0829    0.0169   -0.0113   -0.0081    0.0044    0.0000    0.0000    0.0000  28.00
  29.00    6.1542E-01   -0.0290   -0.0679    0.0170   -0.0110   -0.0079    0.0036    0.0000    0.0000    0.0000  29.00
  30.00    6.3399E-01   -0.0228   -0.0535    0.0169   -0.0107   -0.0077    0.0029    0.0000    0.0000    0.0000  30.00
  31.00    6.5152E-01   -0.0169   -0.0398    0.0166   -0.0103   -0.0075    0.0023    0.0000    0.0000    0.0000  31.00
  32.00    6.6768E-01   -0.0113   -0.0268    0.0162   -0.0099   -0.0073    0.0019    0.0000    0.0000    0.0000  32.00
  33.00    6.8218E-01   -0.0061   -0.0145    0.0156   -0.0094   -0.0071    0.0015    0.0000    0.0000    0.0000  33.00
  34.00    6.9475E-01   -0.0012   -0.0030    0.0148   -0.0088   -0.0068    0.0012    0.0000    0.0000    0.0000  34.00
  35.00    7.0512E-01    0.0032    0.0078    0.0139   -0.0082   -0.0066    0.0011    0.0000    0.0000    0.0000  35.00
  36.00    7.1309E-01    0.0074    0.0178    0.0129   -0.0076   -0.0063    0.0010    0.0000    0.0000    0.0000  36.00
  37.00    7.1846E-01    0.0111    0.0270    0.0117   -0.0069   -0.0061    0.0010    0.0000    0.0000    0.0000  37.00
  38.00    7.2110E-01    0.0144    0.0356    0.0104   -0.0062   -0.0059    0.0011    0.0000    0.0000    0.0000  38.00
  39.00    7.2091E-01    0.0174    0.0434    0.0090   -0.0055   -0.0056    0.0013    0.0000    0.0000    0.0000  39.00
  40.00    7.1783E-01    0.0200    0.0505    0.0074   -0.0047   -0.0054    0.0015    0.0000    0.0000    0.0000  40.00
  41.00    7.1187E-01    0.0223    0.0569    0.0058   -0.0038   -0.0052    0.0018    0.0000    0.0000    0.0000  41.00
  42.00    7.0307E-01    0.0241    0.0627    0.0040   -0.0030   -0.0050    0.0022    0.0000    0.0000    0.0000  42.00
  43.00    6.9151E-01    0.0256    0.0679    0.0021   -0.0021   -0.0048    0.0027    0.0000    0.0000    0.0000  43.00
  44.00    6.7732E-01    0.0268    0.0724    0.0001   -0.0011   -0.0047    0.0032    0.0000    0.0000    0.0000  44.00
  45.00    6.6066E-01    0.0276    0.0763   -0.0021   -0.0001   -0.0045    0.0038    0.0000    0.0000    0.0000  45.00
  46.00    6.4175E-01    0.0280    0.0795   -0.0044    0.0009   -0.0043    0.0045    0.0000    0.0000    0.0000  46.00
  47.00    6.2080E-01    0.0280    0.0821   -0.0068    0.0020   -0.0042    0.0053    0.0000    0.0000    0.0000  47.00
  48.00    5.9808E-01    0.0277    0.0841   -0.0094    0.0032   -0.0041    0.0061    0.0000    0.0000    0.0000  48.00
  49.00    5.7384E-01    0.0270    0.0854   -0.0121    0.0044   -0.0040    0.0070    0.0000    0.0000    0.0000  49.00
  50.00    5.4838E-01    0.0259    0.0860   -0.0150    0.0057   -0.0039    0.0080    0.0000    0.0000    0.0000  50.00
  51.00    5.2198E-01    0.0244    0.0860   -0.0181    0.0070   -0.0038    0.0090    0.0000    0.0000    0.0000  51.00
  52.00    4.9494E-01    0.0225    0.0852   -0.0212    0.0084   -0.0038    0.0102    0.0000    0.0000    0.0000  52.00
  53.00    4.6756E-01    0.0201    0.0836   -0.0246    0.0098   -0.0038    0.0114    0.0000    0.0000    0.0000  53.00
  54.00    4.4011E-01    0.0174    0.0813   -0.0280    0.0112   -0.0038    0.0127    0.0000    0.0000    0.0000  54.00
  55.00    4.1286E-01    0.0143    0.0782   -0.0316    0.0127   -0.0038    0.0140    0.0000    0.0000    0.0000  55.00
  56.00    3.8607E-01    0.0107    0.0742   -0.0352    0.0143   -0.0038    0.0154    0.0000    0.0000    0.0000  56.00
  57.00    3.5998E-01    0.0068    0.0694   -0.0389    0.0158   -0.0039    0.0169    0.0000    0.0000    0.0000  57.00
  58.00    3.3481E-01    0.0025    0.0637   -0.0425    0.0173   -0.0040    0.0184    0.0000    0.0000    0.0000  58.00
  59.00    3.1073E-01   -0.0020    0.0571   -0.0461    0.0187   -0.0041    0.0199    0.0000    0.0000    0.0000  59.00
  60.00    2.8793E-01   -0.0068    0.0498   -0.0494    0.0201   -0.0042    0.0213    0.0000    0.0000    0.0000  60.00
  61.00    2.6654E-01   -0.0117    0.0417   -0.0524    0.0212   -0.0044    0.0227    0.0000    0.0000    0.0000  61.00
  62.00    2.4668E-01   -0.0165    0.0330   -0.0550    0.0222   -0.0046    0.0240    0.0000    0.0000    0.0000  62.00
  63.00    2.2843E-01   -0.0211    0.0239   -0.0569    0.0229   -0.0047    0.0250    0.0000    0.0000    0.0000  63.00
  64.00    2.1185E-01   -0.0253    0.0147   -0.0580    0.0232   -0.0049    0.0259    0.0000    0.0000    0.0000  64.00
  65.00    1.9699E-01   -0.0288    0.0057   -0.0581    0.0230   -0.0051    0.0263    0.0000    0.0000    0.0000  65.00
  66.00    1.8384E-01   -0.0313   -0.0026   -0.0570    0.0223   -0.0052    0.0264    0.0000    0.0000    0.0000  66.00
  67.00    1.7241E-01   -0.0324   -0.0099   -0.0544    0.0210   -0.0053    0.0260    0.0000    0.0000    0.0000  67.00
  68.00    1.6267E-01   -0.0320   -0.0155   -0.0503    0.0191   -0.0053    0.0250    0.0000    0.0000    0.0000  68.00
  69.00    1.5455E-01   -0.0298   -0.0190   -0.0446    0.0164   -0.0052    0.0234    0.0000    0.0000    0.0000  69.00
  70.00    1.4800E-01   -0.0257   -0.0199   -0.0374    0.0131   -0.0051    0.0213    0.0000    0.0000    0.0000  70.00
  71.00    1.4293E-01   -0.0196   -0.0181   -0.0288    0.0093   -0.0048    0.0186    0.0000    0.0000    0.0000  71.00
  72.00    1.3926E-01   -0.0117   -0.0132   -0.0191    0.0050   -0.0044    0.0154    0.0000    0.0000    0.0000  72.00
  73.00    1.3687E-01   -0.0022   -0.0055   -0.0085    0.0003   -0.0039    0.0118    0.0000    0.0000    0.0000  73.00
  74.00    1.3566E-01    0.0086    0.0049    0.0024   -0.0044   -0.0033    0.0080    0.0000    0.0000    0.0000  74.00
  75.00    1.3550E-01    0.0204    0.0175    0.0134   -0.0092   -0.0026    0.0042    0.0000    0.0000    0.0000  75.00
  76.00    1.3628E-01    0.0326    0.0319    0.0241   -0.0138   -0.0018    0.0003    0.0000    0.0000    0.0000  76.00
  77.00    1.3788E-01    0.0449    0.0476    0.0342   -0.0181   -0.0010   -0.0034    0.0000    0.0000    0.0000  77.00
  78.00    1.4017E-01    0.0570    0.0640    0.0434   -0.0220   -0.0002   -0.0068    0.0000    0.0000    0.0000  78.00
  79.00    1.4302E-01    0.0686    0.0807    0.0517   -0.0255    0.0007   -0.0100    0.0000    0.0000    0.0000  79.00
  80.00    1.4633E-01    0.0795    0.0972    0.0589   -0.0285    0.0015   -0.0128    0.0000    0.0000    0.0000  80.00
  81.00    1.4998E-01    0.0896    0.1134    0.0650   -0.0311    0.0024   -0.0152    0.0000    0.0000    0.0000  81.00
  82.00    1.5385E-01    0.0987    0.1290    0.0701   -0.0332    0.0032   -0.0173    0.0000    0.0000    0.0000  82.00
  83.00    1.5785E-01    0.1069    0.1437    0.0742   -0.0348    0.0040   -0.0190    0.0000    0.0000    0.0000  83.00
  84.00    1.6188E-01    0.1142    0.1576    0.0773   -0.0361    0.0048   -0.0203    0.0000    0.0000    0.0000  84.00
  85.00    1.6585E-01    0.1206    0.1706    0.0795   -0.0369    0.0055   -0.0213    0.0000    0.0000    0.0000  85.00
  86.00    1.6969E-01    0.1261    0.1826    0.0809   -0.0375    0.0063   -0.0220    0.0000    0.0000    0.0000  86.00
  87.00    1.7332E-01    0.1307    0.1937    0.0815   -0.0377    0.0070   -0.0224    0.0000    0.0000    0.0000  87.00
  88.00    1.7667E-01    0.1346    0.2039    0.0815   -0.0376    0.0076   -0.0225    0.0000    0.0000    0.0000  88.00
  89.00    1.7971E-01    0.1378    0.2133    0.0808   -0.0373    0.0082   -0.0224    0.0000    0.0000    0.0000  89.00
0Tot-sig   2.9397E+00
1DWUCK4-DISTORTED WAVES U.COLORADO- PC-VERSION  12/Jan /1995
 Elapsed time in seconds =   0.00
 Elapsed time in seconds =   0.00
0CONTROL INTEGERS
  1 2 3 4 5 6 7 8 9 A B C D E F G H I J K    RUN IDENTIFICATION                                            25/01/12  14.56.29
  1 0 0 1 0 0 0 0 0 0 2 0 0 0 0 0 0 0 0 0    36S(d,p)@ 8MeV    645 keV  1p3/2 bound ZR                   
 36S(d,p)@ 8MeV    645 keV  1p3/2 bound ZR                   
 Adwck4 entered
0ANGLE DATA          THETN=  90.0000   THET1=   0.0000   DTHET=   1.0000   A-ANG=   0.0000   B-ANG=   0.0000
0CARD SET 3 DATA     LMAX =  30          LTR=   1
                     NLTR =   1        2*JTR=   3
0CARD SET 4 DATA     DRF  =   0.3000   RZ   =   0.0000   RMAX =  50.0000   VCE  =   0.0000   FNRNG=   0.7000
 PARTICLE DATA 
0PARTICLE 1*******************************************************************************************************************
 INPUT DATA          ELAB =   8.0000   RC0  =   1.3030   AC   =   0.0000   2*STR=   2.0000
                     MASSP=   2.0000   MASST=  36.0000   Q    =   0.0000
                     ZP   =   1.0000   ZT   =  16.0000   PNLOC=   0.0000
 
 DERIVED DATA        ECM  =   7.5789   RC   =   4.3024   RHO  =   3.5662
                     K    =   0.8289   ETA  =   1.2599   DR   =   0.3000
0POTENTIAL PARAMETERS
 NX=1 VOLUME  W-S    V RL = -92.9760   R0RL =   1.1500   A RL =   0.7610   R RL =   3.7972   VSOR =   0.0000
                     V IM =  -1.6020   R0IM =   1.3350   A IM =   0.5250   R IM =   4.4081   VSOI =   0.0000   POWR =   0.0000
 NX=2 SURFACE W-S    V RL =   0.0000   R0RL =   0.0000   A RL =   0.0000   R RL =   0.0000   VSOR =   0.0000
                     V IM =  43.4320   R0IM =   1.3800   A IM =   0.7360   R IM =   4.5567   VSOI =   0.0000   POWR =   0.0000
 NX=4 L*S VOLUME     V RL = -14.2280   R0RL =   0.9720   A RL =   1.0110   R RL =   3.2095   VSOR =   0.0000
                     V IM =   0.0000   R0IM =   0.0000   A IM =   0.0000   R IM =   0.0000   VSOI =   0.0000   POWR =   0.0000
0PARTICLE 2*******************************************************************************************************************
 INPUT DATA          ELAB =   9.2565   RC0  =   1.2920   AC   =   0.0000   2*STR=   1.0000
                     MASSP=   1.0000   MASST=  37.0000   Q    =   1.4340
                     ZP   =   1.0000   ZT   =  16.0000   PNLOC=   0.0000
 
 DERIVED DATA        ECM  =   9.0129   RC   =   4.3052   RHO  =   2.7897
                     K    =   0.6480   ETA  =   0.8282   DR   =   0.2919
0POTENTIAL PARAMETERS
 NX=1 VOLUME  W-S    V RL = -56.5100   R0RL =   1.1820   A RL =   0.6720   R RL =   3.9387   VSOR =   0.0000
                     V IM =  -0.7340   R0IM =   1.1820   A IM =   0.6720   R IM =   3.9387   VSOI =   0.0000   POWR =   0.0000
 NX=2 SURFACE W-S    V RL =   0.0000   R0RL =   0.0000   A RL =   0.0000   R RL =   0.0000   VSOR =   0.0000
                     V IM =  34.5680   R0IM =   1.2900   A IM =   0.5380   R IM =   4.2986   VSOI =   0.0000   POWR =   0.0000
 NX=4 L*S VOLUME     V RL = -22.5160   R0RL =   0.9910   A RL =   0.5900   R RL =   3.3022   VSOR =   0.0000
                     V IM =   0.1440   R0IM =   0.9910   A IM =   0.5900   R IM =   3.3022   VSOI =   0.0000   POWR =   0.0000
136S(d,p)@ 8MeV    645 keV  1p3/2 bound ZR                     25/ 1/12
0FORM FACTOR DATA 
0PARTICLE 3*******************************************************************************************************************
 INPUT DATA          ELAB =  -3.6590   RC0  =   1.3000   AC   =   0.0000   2*STR=   1.0000
                     MASSP=   1.0000   MASST=  36.0000   Q    =  -3.6590
                     ZP   =   0.0000   ZT   =  16.0000   PNLOC=   0.0000
 
 DERIVED DATA        ECM  =  -3.6590   RC   =   4.2925   RHO  =   1.7716
                     K    =   0.4127   ETA  =   0.0000   DR   =   0.3000
0POTENTIAL PARAMETERS
 NX=1 VOLUME  W-S    V RL =  -1.0000   R0RL =   1.2800   A RL =   0.6500   R RL =   4.2265   VSOR =  24.0000
                     V IM =   0.0000   R0IM =   0.0000   A IM =   0.0000   R IM =   0.0000   VSOI =   0.0000   POWR =   0.0000
 
                     NODES=   1.0000   L    =   1.0000   2*J  =   3.0000   2*S  =   1.0000   FISW =   0.0000
 
                     V    =  51.1936   DET  =   0.0004   NODES=   1.0000   RM   =   5.8500   E    =  -3.6590   ITER.=   4
0                    LMAX =  30        NSTEP= 166        NLTR =   1
 Bdwck4 entered
   Subroutine INTEG  entered
0REACSIG 1   1.28536E+02                                             REACSIG 2   8.86967E+01
   Subroutine RADINT entered
136S(d,p)@ 8MeV    645 keV  1p3/2 bound ZR                     25/01/12
0BASIC DATA          DR   =   0.3000   RMIN =   0.0000   RMAX =  49.8000   COUEX=   0.0000     IS1=   1.0000
                     FNRNG=   0.7000   PNLC1=   0.0000   PNLC2=   0.0000   PNLC3=   0.0000     IS2=   0.5000
 ANG MOM TRANSFER    LTR  =   1.       2*JTR=   3.       2*STR=   1.       Q    =   1.4340
   Subroutine INSIG  entered
0 Theta Inelsig,fm**2      Polz       Asy       Ayy       A22       A21       A20       T22       T21       T20  Theta
   0.00    3.1180E+00    0.0000    0.0000    0.0066    0.0000    0.0000   -0.0088    0.0000    0.0000    0.0000   0.00
   1.00    3.1443E+00    0.0183    0.0358    0.0065    0.0000   -0.0008   -0.0087    0.0000    0.0000    0.0000   1.00
   2.00    3.2222E+00    0.0354    0.0693    0.0061    0.0002   -0.0015   -0.0084    0.0000    0.0000    0.0000   2.00
   3.00    3.3485E+00    0.0504    0.0988    0.0055    0.0003   -0.0021   -0.0080    0.0000    0.0000    0.0000   3.00
   4.00    3.5178E+00    0.0628    0.1231    0.0047    0.0006   -0.0026   -0.0074    0.0000    0.0000    0.0000   4.00
   5.00    3.7233E+00    0.0724    0.1420    0.0038    0.0009   -0.0030   -0.0068    0.0000    0.0000    0.0000   5.00
   6.00    3.9564E+00    0.0793    0.1559    0.0028    0.0012   -0.0033   -0.0062    0.0000    0.0000    0.0000   6.00
   7.00    4.2077E+00    0.0839    0.1653    0.0017    0.0015   -0.0035   -0.0056    0.0000    0.0000    0.0000   7.00
   8.00    4.4672E+00    0.0866    0.1710    0.0006    0.0019   -0.0036   -0.0049    0.0000    0.0000    0.0000   8.00
   9.00    4.7244E+00    0.0878    0.1739   -0.0005    0.0023   -0.0037   -0.0043    0.0000    0.0000    0.0000   9.00
  10.00    4.9695E+00    0.0878    0.1745   -0.0016    0.0027   -0.0037   -0.0037    0.0000    0.0000    0.0000  10.00
  11.00    5.1930E+00    0.0870    0.1734   -0.0028    0.0032   -0.0037   -0.0032    0.0000    0.0000    0.0000  11.00
  12.00    5.3864E+00    0.0855    0.1710   -0.0040    0.0036   -0.0037   -0.0026    0.0000    0.0000    0.0000  12.00
  13.00    5.5427E+00    0.0835    0.1678   -0.0053    0.0042   -0.0036   -0.0020    0.0000    0.0000    0.0000  13.00
  14.00    5.6563E+00    0.0812    0.1638   -0.0067    0.0047   -0.0035   -0.0015    0.0000    0.0000    0.0000  14.00
  15.00    5.7230E+00    0.0786    0.1592   -0.0082    0.0053   -0.0035   -0.0009    0.0000    0.0000    0.0000  15.00
  16.00    5.7407E+00    0.0757    0.1541   -0.0098    0.0060   -0.0034   -0.0003    0.0000    0.0000    0.0000  16.00
  17.00    5.7088E+00    0.0726    0.1486   -0.0115    0.0067   -0.0034    0.0004    0.0000    0.0000    0.0000  17.00
  18.00    5.6282E+00    0.0694    0.1426   -0.0134    0.0075   -0.0033    0.0011    0.0000    0.0000    0.0000  18.00
  19.00    5.5014E+00    0.0659    0.1361   -0.0155    0.0084   -0.0033    0.0018    0.0000    0.0000    0.0000  19.00
  20.00    5.3323E+00    0.0622    0.1291   -0.0178    0.0094   -0.0032    0.0027    0.0000    0.0000    0.0000  20.00
  21.00    5.1255E+00    0.0582    0.1214   -0.0203    0.0105   -0.0032    0.0036    0.0000    0.0000    0.0000  21.00
  22.00    4.8868E+00    0.0539    0.1130   -0.0232    0.0118   -0.0032    0.0046    0.0000    0.0000    0.0000  22.00
  23.00    4.6222E+00    0.0493    0.1037   -0.0263    0.0131   -0.0032    0.0057    0.0000    0.0000    0.0000  23.00
  24.00    4.3383E+00    0.0442    0.0933   -0.0298    0.0146   -0.0032    0.0070    0.0000    0.0000    0.0000  24.00
  25.00    4.0417E+00    0.0388    0.0817   -0.0336    0.0162   -0.0032    0.0084    0.0000    0.0000    0.0000  25.00
  26.00    3.7387E+00    0.0328    0.0686   -0.0379    0.0180   -0.0033    0.0100    0.0000    0.0000    0.0000  26.00
  27.00    3.4355E+00    0.0262    0.0538   -0.0426    0.0200   -0.0034    0.0118    0.0000    0.0000    0.0000  27.00
  28.00    3.1376E+00    0.0189    0.0371   -0.0477    0.0221   -0.0035    0.0138    0.0000    0.0000    0.0000  28.00
  29.00    2.8500E+00    0.0110    0.0182   -0.0532    0.0244   -0.0036    0.0161    0.0000    0.0000    0.0000  29.00
  30.00    2.5770E+00    0.0023   -0.0030   -0.0591    0.0268   -0.0037    0.0185    0.0000    0.0000    0.0000  30.00
  31.00    2.3221E+00   -0.0070   -0.0268   -0.0653    0.0293   -0.0039    0.0212    0.0000    0.0000    0.0000  31.00
  32.00    2.0882E+00   -0.0170   -0.0530   -0.0716    0.0318   -0.0041    0.0241    0.0000    0.0000    0.0000  32.00
  33.00    1.8770E+00   -0.0274   -0.0816   -0.0778    0.0341   -0.0044    0.0271    0.0000    0.0000    0.0000  33.00
  34.00    1.6899E+00   -0.0379   -0.1121   -0.0836    0.0362   -0.0047    0.0301    0.0000    0.0000    0.0000  34.00
  35.00    1.5274E+00   -0.0482   -0.1435   -0.0885    0.0378   -0.0050    0.0330    0.0000    0.0000    0.0000  35.00
  36.00    1.3893E+00   -0.0577   -0.1747   -0.0919    0.0388   -0.0053    0.0356    0.0000    0.0000    0.0000  36.00
  37.00    1.2750E+00   -0.0658   -0.2039   -0.0934    0.0388   -0.0056    0.0376    0.0000    0.0000    0.0000  37.00
  38.00    1.1832E+00   -0.0717   -0.2295   -0.0926    0.0378   -0.0059    0.0389    0.0000    0.0000    0.0000  38.00
  39.00    1.1124E+00   -0.0750   -0.2494   -0.0890    0.0356   -0.0061    0.0393    0.0000    0.0000    0.0000  39.00
  40.00    1.0608E+00   -0.0753   -0.2623   -0.0827    0.0322   -0.0063    0.0387    0.0000    0.0000    0.0000  40.00
  41.00    1.0262E+00   -0.0726   -0.2673   -0.0738    0.0277   -0.0063    0.0370    0.0000    0.0000    0.0000  41.00
  42.00    1.0063E+00   -0.0670   -0.2646   -0.0628    0.0225   -0.0063    0.0343    0.0000    0.0000    0.0000  42.00
  43.00    9.9887E-01   -0.0592   -0.2548   -0.0504    0.0167   -0.0062    0.0309    0.0000    0.0000    0.0000  43.00
  44.00    1.0016E+00   -0.0498   -0.2393   -0.0371    0.0107   -0.0061    0.0269    0.0000    0.0000    0.0000  44.00
  45.00    1.0122E+00   -0.0394   -0.2195   -0.0237    0.0047   -0.0059    0.0226    0.0000    0.0000    0.0000  45.00
  46.00    1.0285E+00   -0.0286   -0.1970   -0.0106   -0.0011   -0.0056    0.0181    0.0000    0.0000    0.0000  46.00
  47.00    1.0485E+00   -0.0179   -0.1730    0.0020   -0.0065   -0.0053    0.0137    0.0000    0.0000    0.0000  47.00
  48.00    1.0704E+00   -0.0076   -0.1487    0.0137   -0.0115   -0.0050    0.0093    0.0000    0.0000    0.0000  48.00
  49.00    1.0926E+00    0.0021   -0.1247    0.0246   -0.0161   -0.0047    0.0052    0.0000    0.0000    0.0000  49.00
  50.00    1.1135E+00    0.0111   -0.1016    0.0346   -0.0202   -0.0044    0.0013    0.0000    0.0000    0.0000  50.00
  51.00    1.1321E+00    0.0192   -0.0797    0.0437   -0.0240   -0.0041   -0.0024    0.0000    0.0000    0.0000  51.00
  52.00    1.1473E+00    0.0267   -0.0590    0.0520   -0.0274   -0.0038   -0.0058    0.0000    0.0000    0.0000  52.00
  53.00    1.1584E+00    0.0333   -0.0397    0.0596   -0.0304   -0.0035   -0.0091    0.0000    0.0000    0.0000  53.00
  54.00    1.1647E+00    0.0393   -0.0216    0.0665   -0.0332   -0.0032   -0.0121    0.0000    0.0000    0.0000  54.00
  55.00    1.1660E+00    0.0446   -0.0049    0.0729   -0.0357   -0.0028   -0.0150    0.0000    0.0000    0.0000  55.00
  56.00    1.1621E+00    0.0493    0.0107    0.0788   -0.0380   -0.0025   -0.0177    0.0000    0.0000    0.0000  56.00
  57.00    1.1528E+00    0.0535    0.0253    0.0842   -0.0401   -0.0022   -0.0202    0.0000    0.0000    0.0000  57.00
  58.00    1.1383E+00    0.0572    0.0388    0.0892   -0.0420   -0.0019   -0.0227    0.0000    0.0000    0.0000  58.00
  59.00    1.1189E+00    0.0605    0.0515    0.0938   -0.0437   -0.0015   -0.0250    0.0000    0.0000    0.0000  59.00
  60.00    1.0948E+00    0.0633    0.0634    0.0980   -0.0452   -0.0012   -0.0272    0.0000    0.0000    0.0000  60.00
  61.00    1.0664E+00    0.0658    0.0745    0.1019   -0.0466   -0.0008   -0.0293    0.0000    0.0000    0.0000  61.00
  62.00    1.0343E+00    0.0679    0.0851    0.1054   -0.0478   -0.0004   -0.0313    0.0000    0.0000    0.0000  62.00
  63.00    9.9882E-01    0.0696    0.0950    0.1085   -0.0489    0.0000   -0.0332    0.0000    0.0000    0.0000  63.00
  64.00    9.6059E-01    0.0710    0.1044    0.1113   -0.0497    0.0005   -0.0349    0.0000    0.0000    0.0000  64.00
  65.00    9.2013E-01    0.0721    0.1132    0.1136   -0.0504    0.0010   -0.0366    0.0000    0.0000    0.0000  65.00
  66.00    8.7795E-01    0.0728    0.1216    0.1154   -0.0508    0.0015   -0.0381    0.0000    0.0000    0.0000  66.00
  67.00    8.3458E-01    0.0732    0.1296    0.1167   -0.0510    0.0020   -0.0395    0.0000    0.0000    0.0000  67.00
  68.00    7.9052E-01    0.0733    0.1371    0.1173   -0.0508    0.0025   -0.0407    0.0000    0.0000    0.0000  68.00
  69.00    7.4623E-01    0.0730    0.1441    0.1173   -0.0504    0.0031   -0.0418    0.0000    0.0000    0.0000  69.00
  70.00    7.0215E-01    0.0723    0.1506    0.1165   -0.0496    0.0038   -0.0426    0.0000    0.0000    0.0000  70.00
  71.00    6.5866E-01    0.0713    0.1566    0.1148   -0.0484    0.0044   -0.0431    0.0000    0.0000    0.0000  71.00
  72.00    6.1611E-01    0.0698    0.1621    0.1120   -0.0467    0.0051   -0.0434    0.0000    0.0000    0.0000  72.00
  73.00    5.7480E-01    0.0678    0.1669    0.1081   -0.0445    0.0059   -0.0433    0.0000    0.0000    0.0000  73.00
  74.00    5.3499E-01    0.0654    0.1710    0.1029   -0.0417    0.0066   -0.0428    0.0000    0.0000    0.0000  74.00
  75.00    4.9689E-01    0.0625    0.1743    0.0962   -0.0382    0.0074   -0.0418    0.0000    0.0000    0.0000  75.00
  76.00    4.6066E-01    0.0590    0.1766    0.0878   -0.0340    0.0082   -0.0404    0.0000    0.0000    0.0000  76.00
  77.00    4.2645E-01    0.0549    0.1780    0.0777   -0.0290    0.0090   -0.0383    0.0000    0.0000    0.0000  77.00
  78.00    3.9432E-01    0.0502    0.1781    0.0656   -0.0231    0.0097   -0.0356    0.0000    0.0000    0.0000  78.00
  79.00    3.6435E-01    0.0449    0.1768    0.0515   -0.0163    0.0105   -0.0323    0.0000    0.0000    0.0000  79.00
  80.00    3.3655E-01    0.0389    0.1740    0.0351   -0.0085    0.0111   -0.0282    0.0000    0.0000    0.0000  80.00
  81.00    3.1091E-01    0.0323    0.1694    0.0164    0.0003    0.0117   -0.0233    0.0000    0.0000    0.0000  81.00
  82.00    2.8741E-01    0.0250    0.1630   -0.0045    0.0100    0.0122   -0.0176    0.0000    0.0000    0.0000  82.00
  83.00    2.6599E-01    0.0171    0.1545   -0.0277    0.0207    0.0125   -0.0110    0.0000    0.0000    0.0000  83.00
  84.00    2.4658E-01    0.0087    0.1439   -0.0529    0.0323    0.0127   -0.0038    0.0000    0.0000    0.0000  84.00
  85.00    2.2910E-01   -0.0002    0.1310   -0.0799    0.0446    0.0126    0.0042    0.0000    0.0000    0.0000  85.00
  86.00    2.1346E-01   -0.0094    0.1158   -0.1083    0.0575    0.0123    0.0128    0.0000    0.0000    0.0000  86.00
  87.00    1.9954E-01   -0.0187    0.0984   -0.1375    0.0707    0.0117    0.0219    0.0000    0.0000    0.0000  87.00
  88.00    1.8725E-01   -0.0281    0.0790   -0.1671    0.0840    0.0109    0.0312    0.0000    0.0000    0.0000  88.00
  89.00    1.7646E-01   -0.0373    0.0577   -0.1962    0.0969    0.0097    0.0406    0.0000    0.0000    0.0000  89.00
0Tot-sig   9.1492E+00
1DWUCK4-DISTORTED WAVES U.COLORADO- PC-VERSION  12/Jan /1995
 Elapsed time in seconds =   0.00
 Elapsed time in seconds =   0.00
0CONTROL INTEGERS
  1 2 3 4 5 6 7 8 9 A B C D E F G H I J K    RUN IDENTIFICATION                                            25/01/12  14.56.29
  9 0 0 0 0 0 0 0 0 0 0 0 0 0 0 0 0 0 0 0    END OF DATA for DWUCK4                                      
