1********************DWUCK4 AT YOUR SERVICE********************

 installed         Mon May 21 11:05:50 1990                
 today is          Tue Jan 13 18:02:12 2026




















                    *******************************************************
                    *                                                     *
                    * User     : calemhoffman                             *
                    * Directory: <- /Users/calemhoffman/Documents/GitHub/ *
                    * Input    : Standard Input                           *
                    * Output   : Standard Output                          *
                    *                                                     *
                    *******************************************************
1
0DWUCK4-DISTORTED WAVES U.COLORADO- PC-VERSION  12/Jan /1995
 Elapsed time in seconds =   0.00
 Elapsed time in seconds =   0.00
0CONTROL INTEGERS
  1 2 3 4 5 6 7 8 9 A B C D E F G H I J K    RUN IDENTIFICATION                                             0/00/00   0.00.00
  1 0 0 1 0 0 0 0 0 0 2 0 0 0 0 0 0 0 0 0    36S(d,p)@ 16MeV    0 keV  0f7/2 PTOLEMY validation          
 36S(d,p)@ 16MeV    0 keV  0f7/2 PTOLEMY validation          
 Adwck4 entered
0ANGLE DATA          THETN=  90.0000   THET1=   0.0000   DTHET=   1.0000   A-ANG=   0.0000   B-ANG=   0.0000
0CARD SET 3 DATA     LMAX =  30          LTR=   3
                     NLTR =   1        2*JTR=   7
0CARD SET 4 DATA     DRF  =   0.3000   RZ   =   0.0000   RMAX =  50.0000   VCE  =   0.0000   FNRNG=   0.7000
 PARTICLE DATA 
0PARTICLE 1*******************************************************************************************************************
 INPUT DATA          ELAB =  16.0000   RC0  =   1.3030   AC   =   0.0000   2*STR=   2.0000
                     MASSP=   2.0000   MASST=  36.0000   Q    =   0.0000
                     ZP   =   1.0000   ZT   =  16.0000   PNLOC=   0.0000
 
 DERIVED DATA        ECM  =  15.1579   RC   =   4.3024   RHO  =   5.0434
                     K    =   1.1722   ETA  =   0.8909   DR   =   0.3000
0POTENTIAL PARAMETERS
 NX=1 VOLUME  W-S    V RL = -91.0070   R0RL =   1.1500   A RL =   0.7610   R RL =   3.7972   VSOR =   0.0000
                     V IM =  -2.0990   R0IM =   1.3350   A IM =   0.5250   R IM =   4.4081   VSOI =   0.0000   POWR =   0.0000
 NX=2 SURFACE W-S    V RL =   0.0000   R0RL =   0.0000   A RL =   0.0000   R RL =   0.0000   VSOR =   0.0000
                     V IM =  10.3400   R0IM =   1.3800   A IM =   0.7360   R IM =   4.5567   VSOI =   0.0000   POWR =   0.0000
 NX=4 L*S VOLUME     V RL =  -3.5570   R0RL =   0.9720   A RL =   1.0110   R RL =   3.2095   VSOR =   0.0000
                     V IM =   0.0000   R0IM =   0.0000   A IM =   0.0000   R IM =   0.0000   VSOI =   0.0000   POWR =   0.0000
0PARTICLE 2*******************************************************************************************************************
 INPUT DATA          ELAB =  17.7028   RC0  =   1.2920   AC   =   0.0000   2*STR=   1.0000
                     MASSP=   1.0000   MASST=  37.0000   Q    =   2.0790
                     ZP   =   1.0000   ZT   =  16.0000   PNLOC=   0.0000
 
 DERIVED DATA        ECM  =  17.2369   RC   =   4.3052   RHO  =   3.8579
                     K    =   0.8961   ETA  =   0.5989   DR   =   0.2919
0POTENTIAL PARAMETERS
 NX=1 VOLUME  W-S    V RL = -52.9680   R0RL =   1.1820   A RL =   0.6720   R RL =   3.9387   VSOR =   0.0000
                     V IM =  -1.5530   R0IM =   1.1820   A IM =   0.6720   R IM =   3.9387   VSOI =   0.0000   POWR =   0.0000
 NX=2 SURFACE W-S    V RL =   0.0000   R0RL =   0.0000   A RL =   0.0000   R RL =   0.0000   VSOR =   0.0000
                     V IM =   8.6190   R0IM =   1.2900   A IM =   0.5380   R IM =   4.2986   VSOI =   0.0000   POWR =   0.0000
 NX=4 L*S VOLUME     V RL =  -5.4380   R0RL =   0.9910   A RL =   0.5900   R RL =   3.3022   VSOR =   0.0000
                     V IM =   0.0000   R0IM =   0.9910   A IM =   0.5900   R IM =   3.3022   VSOI =   0.0000   POWR =   0.0000
136S(d,p)@ 16MeV    0 keV  0f7/2 PTOLEMY validation             0/ 0/ 0
At line 61 of file DWUCK4.FOR (unit = 5, file = 'stdin')
Fortran runtime error: Bad value during integer read

Error termination. Backtrace:
#0  0x104c1db07
#1  0x104c1e6a7
#2  0x104c1ef83
#3  0x104d05937
#4  0x104d098cb
#5  0x104d0aaa3
#6  0x104d07e77
#7  0x10480d95f
#8  0x10480dd73
0FORM FACTOR DATA 
0PARTICLE 3*******************************************************************************************************************
 INPUT DATA          ELAB =  -4.3040   RC0  =   1.3000   AC   =   0.0000   2*STR=   1.0000
                     MASSP=   1.0000   MASST=  36.0000   Q    =  -4.3040
                     ZP   =   0.0000   ZT   =  16.0000   PNLOC=   0.0000
 
 DERIVED DATA        ECM  =  -4.3040   RC   =   4.2925   RHO  =   1.9214
                     K    =   0.4476   ETA  =   0.0000   DR   =   0.3000
0POTENTIAL PARAMETERS
 NX=1 VOLUME  W-S    V RL =  -1.0000   R0RL =   1.2500   A RL =   0.6500   R RL =   4.1274   VSOR =  24.0000
                     V IM =   0.0000   R0IM =   0.0000   A IM =   0.0000   R IM =   0.0000   VSOI =   0.0000   POWR =   0.0000
 
                     NODES=  -4.0000   L    = -11.3000   2*J  =   1.1000   2*S  =   0.6500   FISW =   0.0000
 
0BOUND STATE SEARCH FAILS IN 32 ITERATIONS
                     V    =*********   DET  =      NaN   NODES=   0.0000   RM   =   2.2500   E    =  -4.3040   ITER.=  33
0                    LMAX =  30        NSTEP= 166        NLTR =   1
1DWUCK4-DISTORTED WAVES U.COLORADO- PC-VERSION  12/Jan /1995
 Elapsed time in seconds =   0.00
 Elapsed time in seconds =   0.00
0CONTROL INTEGERS
  1 2 3 4 5 6 7 8 9 A B C D E F G H I J K    RUN IDENTIFICATION                                             0/00/00   0.00.00
