1********************DWUCK4 AT YOUR SERVICE********************

 installed         Mon May 21 11:05:50 1990                
 today is          Tue Jan 13 18:20:14 2026




















                    *******************************************************
                    *                                                     *
                    * User     : calemhoffman                             *
                    * Directory: <- /Users/calemhoffman/Documents/GitHub/ *
                    * Input    : Standard Input                           *
                    * Output   : Standard Output                          *
                    *                                                     *
                    *******************************************************
1
0DWUCK4-DISTORTED WAVES U.COLORADO- PC-VERSION  12/Jan /1995
 Elapsed time in seconds =   0.00
 Elapsed time in seconds =   0.00
0CONTROL INTEGERS
  1 2 3 4 5 6 7 8 9 A B C D E F G H I J K    RUN IDENTIFICATION                                             0/00/00   0.00.00
  1 0 0 1 0 0 0 0 0 0 2 0 0 0 0 0 0 0 0 0    36S(d,p)@ 16MeV    0 keV  L=0 J=1/2+ PTOLEMY params         
 36S(d,p)@ 16MeV    0 keV  L=0 J=1/2+ PTOLEMY params         
 Adwck4 entered
0ANGLE DATA          THETN=  90.0000   THET1=   0.0000   DTHET=   1.0000   A-ANG=   0.0000   B-ANG=   0.0000
0CARD SET 3 DATA     LMAX =  30          LTR=   0
                     NLTR =   1        2*JTR=   1
0CARD SET 4 DATA     DRF  =   0.1000   RZ   =   0.0000   RMAX =  50.0000   VCE  =   0.0000   FNRNG=   0.0000
 PARTICLE DATA 
0PARTICLE 1*******************************************************************************************************************
 INPUT DATA          ELAB =  16.0000   RC0  =   1.3030   AC   =   0.0000   2*STR=   2.0000
                     MASSP=   2.0000   MASST=  36.0000   Q    =   0.0000
                     ZP   =   1.0000   ZT   =  16.0000   PNLOC=   0.0000
 
 DERIVED DATA        ECM  =  15.1579   RC   =   4.3024   RHO  =   5.0434
                     K    =   1.1722   ETA  =   0.8909   DR   =   0.1000
0POTENTIAL PARAMETERS
 NX=1 VOLUME  W-S    V RL = -91.0070   R0RL =   1.1500   A RL =   0.7610   R RL =   3.7972   VSOR =   0.0000
                     V IM =  -2.0990   R0IM =   1.3350   A IM =   0.5250   R IM =   4.4081   VSOI =   0.0000   POWR =   0.0000
 NX=2 SURFACE W-S    V RL =   0.0000   R0RL =   0.0000   A RL =   0.0000   R RL =   0.0000   VSOR =   0.0000
                     V IM =  95.6410   R0IM =   1.3800   A IM =   0.7360   R IM =   4.5567   VSOI =   0.0000   POWR =   0.0000
 NX=4 L*S VOLUME     V RL = -14.2280   R0RL =   0.9720   A RL =   1.0110   R RL =   3.2095   VSOR =   0.0000
                     V IM =   0.0000   R0IM =   0.0000   A IM =   0.0000   R IM =   0.0000   VSOI =   0.0000   POWR =   0.0000
0PARTICLE 2*******************************************************************************************************************
 INPUT DATA          ELAB =  17.7028   RC0  =   1.2920   AC   =   0.0000   2*STR=   1.0000
                     MASSP=   1.0000   MASST=  37.0000   Q    =   2.0790
                     ZP   =   1.0000   ZT   =  16.0000   PNLOC=   0.0000
 
 DERIVED DATA        ECM  =  17.2369   RC   =   4.3052   RHO  =   3.8579
                     K    =   0.8961   ETA  =   0.5989   DR   =   0.0973
0POTENTIAL PARAMETERS
 NX=1 VOLUME  W-S    V RL = -52.9680   R0RL =   1.1820   A RL =   0.6720   R RL =   3.9387   VSOR =   0.0000
                     V IM =  -1.5530   R0IM =   1.1820   A IM =   0.6720   R IM =   3.9387   VSOI =   0.0000   POWR =   0.0000
 NX=2 SURFACE W-S    V RL =   0.0000   R0RL =   0.0000   A RL =   0.0000   R RL =   0.0000   VSOR =   0.0000
                     V IM =  58.0200   R0IM =   1.2900   A IM =   0.5380   R IM =   4.2986   VSOI =   0.0000   POWR =   0.0000
 NX=4 L*S VOLUME     V RL = -21.7520   R0RL =   0.9910   A RL =   0.5900   R RL =   3.3022   VSOR =   0.0000
                     V IM =   0.3200   R0IM =   0.9910   A IM =   0.5900   R IM =   3.3022   VSOI =   0.0000   POWR =   0.0000
136S(d,p)@ 16MeV    0 keV  L=0 J=1/2+ PTOLEMY params            0/ 0/ 0
0FORM FACTOR DATA 
0PARTICLE 3*******************************************************************************************************************
 INPUT DATA          ELAB =  -4.3040   RC0  =   1.3000   AC   =   0.0000   2*STR=   1.0000
                     MASSP=   1.0000   MASST=  36.0000   Q    =  -4.3040
                     ZP   =   0.0000   ZT   =  16.0000   PNLOC=   0.0000
 
 DERIVED DATA        ECM  =  -4.3040   RC   =   4.2925   RHO  =   1.9214
                     K    =   0.4476   ETA  =   0.0000   DR   =   0.1000
0POTENTIAL PARAMETERS
 NX=1 VOLUME  W-S    V RL =  -1.0000   R0RL =   1.2500   A RL =   0.6500   R RL =   4.1274   VSOR =  36.4390
                     V IM =   0.0000   R0IM =   0.0000   A IM =   0.0000   R IM =   0.0000   VSOI =   0.0000   POWR =   0.0000
 
                     NODES=   0.0000   L    =   0.0000   2*J  =   1.0000   2*S  =   1.0000   FISW =   0.0000
 
                     V    =  11.6306   DET  =   0.0000   NODES=   0.0000   RM   =   4.4500   E    =  -4.3040   ITER.=  11
0                    LMAX =  30        NSTEP= 400        NLTR =   1
 Bdwck4 entered
   Subroutine INTEG  entered
0REACSIG 1   1.65098E+02                                             REACSIG 2   1.06755E+02
   Subroutine RADINT entered
136S(d,p)@ 16MeV    0 keV  L=0 J=1/2+ PTOLEMY params            0/00/00
0BASIC DATA          DR   =   0.1000   RMIN =   0.0000   RMAX =  40.0000   COUEX=   0.0000     IS1=   1.0000
                     FNRNG=   0.0000   PNLC1=   0.0000   PNLC2=   0.0000   PNLC3=   0.0000     IS2=   0.5000
 ANG MOM TRANSFER    LTR  =   0.       2*JTR=   1.       2*STR=   1.       Q    =   2.0790
   Subroutine INSIG  entered
0 Theta Inelsig,fm**2      Polz       Asy       Ayy       A22       A21       A20       T22       T21       T20  Theta
   0.00    1.2724E+00    0.0000    0.0000   -0.0004    0.0000    0.0000    0.0011    0.0000    0.0000    0.0000   0.00
   1.00    1.2598E+00   -0.0009   -0.0012   -0.0004   -0.0000   -0.0000    0.0011    0.0000    0.0000    0.0000   1.00
   2.00    1.2228E+00   -0.0018   -0.0023   -0.0003   -0.0000   -0.0000    0.0011    0.0000    0.0000    0.0000   2.00
   3.00    1.1633E+00   -0.0027   -0.0034   -0.0003   -0.0000   -0.0000    0.0011    0.0000    0.0000    0.0000   3.00
   4.00    1.0844E+00   -0.0035   -0.0045   -0.0003   -0.0000   -0.0000    0.0011    0.0000    0.0000    0.0000   4.00
   5.00    9.9002E-01   -0.0042   -0.0056   -0.0003   -0.0000   -0.0000    0.0011    0.0000    0.0000    0.0000   5.00
   6.00    8.8487E-01   -0.0048   -0.0065   -0.0003   -0.0000   -0.0000    0.0011    0.0000    0.0000    0.0000   6.00
   7.00    7.7373E-01   -0.0052   -0.0073   -0.0002   -0.0001   -0.0000    0.0011    0.0000    0.0000    0.0000   7.00
   8.00    6.6140E-01   -0.0053   -0.0079   -0.0002   -0.0001   -0.0000    0.0011    0.0000    0.0000    0.0000   8.00
   9.00    5.5231E-01   -0.0048   -0.0081   -0.0001   -0.0001   -0.0001    0.0011    0.0000    0.0000    0.0000   9.00
  10.00    4.5026E-01   -0.0037   -0.0078   -0.0001   -0.0002   -0.0001    0.0011    0.0000    0.0000    0.0000  10.00
  11.00    3.5829E-01   -0.0016   -0.0065    0.0000   -0.0002   -0.0001    0.0010    0.0000    0.0000    0.0000  11.00
  12.00    2.7853E-01    0.0021   -0.0039    0.0002   -0.0003   -0.0001    0.0010    0.0000    0.0000    0.0000  12.00
  13.00    2.1221E-01    0.0081    0.0009    0.0003   -0.0003   -0.0001    0.0009    0.0000    0.0000    0.0000  13.00
  14.00    1.5966E-01    0.0172    0.0089    0.0005   -0.0004   -0.0000    0.0007    0.0000    0.0000    0.0000  14.00
  15.00    1.2048E-01    0.0297    0.0208    0.0007   -0.0004   -0.0000    0.0005    0.0000    0.0000    0.0000  15.00
  16.00    9.3591E-02    0.0448    0.0364    0.0009   -0.0004    0.0001    0.0002    0.0000    0.0000    0.0000  16.00
  17.00    7.7459E-02    0.0586    0.0526    0.0009   -0.0002    0.0001   -0.0002    0.0000    0.0000    0.0000  17.00
  18.00    7.0241E-02    0.0655    0.0639    0.0008   -0.0000    0.0002   -0.0004    0.0000    0.0000    0.0000  18.00
  19.00    6.9946E-02    0.0627    0.0662    0.0004    0.0002    0.0003   -0.0005    0.0000    0.0000    0.0000  19.00
  20.00    7.4586E-02    0.0523    0.0606    0.0000    0.0004    0.0004   -0.0005    0.0000    0.0000    0.0000  20.00
  21.00    8.2291E-02    0.0388    0.0506   -0.0003    0.0006    0.0004   -0.0004    0.0000    0.0000    0.0000  21.00
  22.00    9.1402E-02    0.0250    0.0395   -0.0005    0.0007    0.0004   -0.0003    0.0000    0.0000    0.0000  22.00
  23.00    1.0053E-01    0.0124    0.0288   -0.0007    0.0007    0.0004   -0.0001    0.0000    0.0000    0.0000  23.00
  24.00    1.0859E-01    0.0012    0.0190   -0.0009    0.0008    0.0004   -0.0000    0.0000    0.0000    0.0000  24.00
  25.00    1.1480E-01   -0.0087    0.0103   -0.0010    0.0008    0.0003    0.0001    0.0000    0.0000    0.0000  25.00
  26.00    1.1868E-01   -0.0176    0.0024   -0.0011    0.0008    0.0003    0.0001    0.0000    0.0000    0.0000  26.00
  27.00    1.2003E-01   -0.0258   -0.0047   -0.0011    0.0008    0.0003    0.0002    0.0000    0.0000    0.0000  27.00
  28.00    1.1884E-01   -0.0333   -0.0113   -0.0012    0.0008    0.0003    0.0003    0.0000    0.0000    0.0000  28.00
  29.00    1.1531E-01   -0.0403   -0.0173   -0.0012    0.0008    0.0003    0.0003    0.0000    0.0000    0.0000  29.00
  30.00    1.0975E-01   -0.0468   -0.0229   -0.0012    0.0008    0.0003    0.0003    0.0000    0.0000    0.0000  30.00
  31.00    1.0258E-01   -0.0527   -0.0279   -0.0012    0.0008    0.0003    0.0003    0.0000    0.0000    0.0000  31.00
  32.00    9.4231E-02   -0.0579   -0.0324   -0.0012    0.0008    0.0003    0.0003    0.0000    0.0000    0.0000  32.00
  33.00    8.5163E-02   -0.0621   -0.0361   -0.0012    0.0008    0.0003    0.0004    0.0000    0.0000    0.0000  33.00
  34.00    7.5806E-02   -0.0650   -0.0387   -0.0011    0.0007    0.0003    0.0003    0.0000    0.0000    0.0000  34.00
  35.00    6.6545E-02   -0.0659   -0.0398   -0.0010    0.0007    0.0003    0.0003    0.0000    0.0000    0.0000  35.00
  36.00    5.7708E-02   -0.0640   -0.0389   -0.0009    0.0006    0.0003    0.0003    0.0000    0.0000    0.0000  36.00
  37.00    4.9553E-02   -0.0581   -0.0351   -0.0007    0.0005    0.0003    0.0003    0.0000    0.0000    0.0000  37.00
  38.00    4.2270E-02   -0.0470   -0.0274   -0.0005    0.0004    0.0003    0.0003    0.0000    0.0000    0.0000  38.00
  39.00    3.5979E-02   -0.0290   -0.0148   -0.0002    0.0003    0.0002    0.0002    0.0000    0.0000    0.0000  39.00
  40.00    3.0739E-02   -0.0027    0.0037    0.0002    0.0001    0.0002    0.0002    0.0000    0.0000    0.0000  40.00
  41.00    2.6552E-02    0.0322    0.0284    0.0006   -0.0002    0.0001    0.0002    0.0000    0.0000    0.0000  41.00
  42.00    2.3376E-02    0.0746    0.0584    0.0012   -0.0005   -0.0001    0.0002    0.0000    0.0000    0.0000  42.00
  43.00    2.1132E-02    0.1211    0.0912    0.0017   -0.0008   -0.0002    0.0002    0.0000    0.0000    0.0000  43.00
  44.00    1.9717E-02    0.1664    0.1230    0.0023   -0.0011   -0.0004    0.0002    0.0000    0.0000    0.0000  44.00
  45.00    1.9008E-02    0.2046    0.1498    0.0028   -0.0014   -0.0005    0.0002    0.0000    0.0000    0.0000  45.00
  46.00    1.8876E-02    0.2317    0.1686    0.0032   -0.0016   -0.0006    0.0001    0.0000    0.0000    0.0000  46.00
  47.00    1.9193E-02    0.2465    0.1785    0.0035   -0.0018   -0.0007    0.0001    0.0000    0.0000    0.0000  47.00
  48.00    1.9833E-02    0.2499    0.1805    0.0037   -0.0019   -0.0008    0.0001    0.0000    0.0000    0.0000  48.00
  49.00    2.0679E-02    0.2444    0.1762    0.0038   -0.0020   -0.0008    0.0000    0.0000    0.0000    0.0000  49.00
  50.00    2.1629E-02    0.2325    0.1675    0.0039   -0.0020   -0.0008   -0.0000    0.0000    0.0000    0.0000  50.00
  51.00    2.2594E-02    0.2165    0.1559    0.0040   -0.0021   -0.0008   -0.0001    0.0000    0.0000    0.0000  51.00
  52.00    2.3501E-02    0.1980    0.1428    0.0041   -0.0021   -0.0007   -0.0002    0.0000    0.0000    0.0000  52.00
  53.00    2.4292E-02    0.1782    0.1288    0.0042   -0.0021   -0.0007   -0.0003    0.0000    0.0000    0.0000  53.00
  54.00    2.4924E-02    0.1578    0.1146    0.0043   -0.0021   -0.0006   -0.0004    0.0000    0.0000    0.0000  54.00
  55.00    2.5367E-02    0.1372    0.1003    0.0044   -0.0021   -0.0006   -0.0005    0.0000    0.0000    0.0000  55.00
  56.00    2.5605E-02    0.1167    0.0863    0.0045   -0.0021   -0.0005   -0.0006    0.0000    0.0000    0.0000  56.00
  57.00    2.5631E-02    0.0963    0.0725    0.0046   -0.0021   -0.0004   -0.0007    0.0000    0.0000    0.0000  57.00
  58.00    2.5447E-02    0.0763    0.0591    0.0047   -0.0022   -0.0004   -0.0008    0.0000    0.0000    0.0000  58.00
  59.00    2.5063E-02    0.0565    0.0460    0.0048   -0.0022   -0.0003   -0.0009    0.0000    0.0000    0.0000  59.00
  60.00    2.4493E-02    0.0369    0.0332    0.0048   -0.0022   -0.0002   -0.0010    0.0000    0.0000    0.0000  60.00
  61.00    2.3756E-02    0.0177    0.0207    0.0049   -0.0021   -0.0001   -0.0010    0.0000    0.0000    0.0000  61.00
  62.00    2.2875E-02   -0.0013    0.0086    0.0048   -0.0021    0.0000   -0.0011    0.0000    0.0000    0.0000  62.00
  63.00    2.1871E-02   -0.0200   -0.0032    0.0048   -0.0020    0.0001   -0.0012    0.0000    0.0000    0.0000  63.00
  64.00    2.0769E-02   -0.0384   -0.0146    0.0046   -0.0019    0.0002   -0.0012    0.0000    0.0000    0.0000  64.00
  65.00    1.9592E-02   -0.0565   -0.0258    0.0044   -0.0018    0.0004   -0.0012    0.0000    0.0000    0.0000  65.00
  66.00    1.8363E-02   -0.0742   -0.0365    0.0041   -0.0017    0.0005   -0.0011    0.0000    0.0000    0.0000  66.00
  67.00    1.7104E-02   -0.0914   -0.0468    0.0037   -0.0014    0.0006   -0.0010    0.0000    0.0000    0.0000  67.00
  68.00    1.5834E-02   -0.1080   -0.0565    0.0031   -0.0012    0.0008   -0.0009    0.0000    0.0000    0.0000  68.00
  69.00    1.4571E-02   -0.1238   -0.0657    0.0024   -0.0008    0.0009   -0.0007    0.0000    0.0000    0.0000  69.00
  70.00    1.3334E-02   -0.1385   -0.0741    0.0015   -0.0004    0.0011   -0.0004    0.0000    0.0000    0.0000  70.00
  71.00    1.2135E-02   -0.1519   -0.0816    0.0004    0.0001    0.0012   -0.0001    0.0000    0.0000    0.0000  71.00
  72.00    1.0988E-02   -0.1635   -0.0879   -0.0009    0.0006    0.0014    0.0003    0.0000    0.0000    0.0000  72.00
  73.00    9.9037E-03   -0.1729   -0.0927   -0.0025    0.0013    0.0015    0.0008    0.0000    0.0000    0.0000  73.00
  74.00    8.8903E-03   -0.1793   -0.0957   -0.0043    0.0022    0.0017    0.0014    0.0000    0.0000    0.0000  74.00
  75.00    7.9548E-03   -0.1820   -0.0964   -0.0065    0.0031    0.0018    0.0022    0.0000    0.0000    0.0000  75.00
  76.00    7.1024E-03   -0.1800   -0.0942   -0.0089    0.0041    0.0019    0.0030    0.0000    0.0000    0.0000  76.00
  77.00    6.3363E-03   -0.1722   -0.0885   -0.0116    0.0053    0.0020    0.0039    0.0000    0.0000    0.0000  77.00
  78.00    5.6582E-03   -0.1576   -0.0787   -0.0145    0.0066    0.0021    0.0050    0.0000    0.0000    0.0000  78.00
  79.00    5.0683E-03   -0.1350   -0.0641   -0.0176    0.0079    0.0020    0.0061    0.0000    0.0000    0.0000  79.00
  80.00    4.5652E-03   -0.1038   -0.0445   -0.0207    0.0092    0.0020    0.0072    0.0000    0.0000    0.0000  80.00
  81.00    4.1464E-03   -0.0638   -0.0198   -0.0236    0.0105    0.0018    0.0083    0.0000    0.0000    0.0000  81.00
  82.00    3.8081E-03   -0.0159    0.0095   -0.0261    0.0115    0.0016    0.0092    0.0000    0.0000    0.0000  82.00
  83.00    3.5454E-03    0.0380    0.0421   -0.0280    0.0123    0.0012    0.0100    0.0000    0.0000    0.0000  83.00
  84.00    3.3526E-03    0.0949    0.0763   -0.0290    0.0128    0.0008    0.0104    0.0000    0.0000    0.0000  84.00
  85.00    3.2234E-03    0.1512    0.1098   -0.0291    0.0128    0.0004    0.0105    0.0000    0.0000    0.0000  85.00
  86.00    3.1506E-03    0.2030    0.1404   -0.0282    0.0124   -0.0000    0.0102    0.0000    0.0000    0.0000  86.00
  87.00    3.1270E-03    0.2475    0.1665   -0.0264    0.0116   -0.0005    0.0096    0.0000    0.0000    0.0000  87.00
  88.00    3.1449E-03    0.2826    0.1869   -0.0239    0.0105   -0.0009    0.0088    0.0000    0.0000    0.0000  88.00
  89.00    3.1965E-03    0.3076    0.2012   -0.0210    0.0092   -0.0012    0.0078    0.0000    0.0000    0.0000  89.00
0Tot-sig   2.9374E-01
1DWUCK4-DISTORTED WAVES U.COLORADO- PC-VERSION  12/Jan /1995
 Elapsed time in seconds =   0.00
 Elapsed time in seconds =   0.00
0CONTROL INTEGERS
  1 2 3 4 5 6 7 8 9 A B C D E F G H I J K    RUN IDENTIFICATION                                             0/00/00   0.00.00
  9 0 0 0 0 0 0 0 0 0 0 0 0 0 0 0 0 0 0 0    END OF DATA for DWUCK4                                      
STOP  End of data
