1********************DWUCK4 AT YOUR SERVICE********************

 installed         Mon May 21 11:05:50 1990                
 today is          Mon Dec 22 16:08:12 2025




















                    *******************************************************
                    *                                                     *
                    * User     : calemhoffman                             *
                    * Directory: <- /Users/calemhoffman/Documents/GitHub/ *
                    * Input    : Standard Input                           *
                    * Output   : Standard Output                          *
                    *                                                     *
                    *******************************************************
1
0DWUCK4-DISTORTED WAVES U.COLORADO- PC-VERSION  12/Jan /1995
 Elapsed time in seconds =   0.00
 Elapsed time in seconds =   0.00
0CONTROL INTEGERS
  1 2 3 4 5 6 7 8 9 A B C D E F G H I J K    RUN IDENTIFICATION                                             0/00/00   0.00.00
  1 0 0 1 0 0 0 0 0 0 2 0 0 0 0 0 0 0 0 0    36S(d,p)@ 16MeV    0 keV  0f7/2 bound ZR                    
 36S(d,p)@ 16MeV    0 keV  0f7/2 bound ZR                    
 Adwck4 entered
0ANGLE DATA          THETN=  90.0000   THET1=   0.0000   DTHET=   1.0000   A-ANG=   0.0000   B-ANG=   0.0000
0CARD SET 3 DATA     LMAX =  30          LTR=   3
                     NLTR =   1        2*JTR=   7
0CARD SET 4 DATA     DRF  =   0.3000   RZ   =   0.0000   RMAX =  50.0000   VCE  =   0.0000   FNRNG=   0.7000
 PARTICLE DATA 
0PARTICLE 1*******************************************************************************************************************
 INPUT DATA          ELAB =  16.0000   RC0  =   1.3030   AC   =   0.0000   2*STR=   2.0000
                     MASSP=   2.0000   MASST=  36.0000   Q    =   0.0000
                     ZP   =   1.0000   ZT   =  16.0000   PNLOC=   0.0000
 
 DERIVED DATA        ECM  =  15.1579   RC   =   4.3024   RHO  =   5.0434
                     K    =   1.1722   ETA  =   0.8909   DR   =   0.3000
0POTENTIAL PARAMETERS
 NX=1 VOLUME  W-S    V RL = -92.9760   R0RL =   1.1500   A RL =   0.7610   R RL =   3.7972   VSOR =   0.0000
                     V IM =  -1.6020   R0IM =   1.3350   A IM =   0.5250   R IM =   4.4081   VSOI =   0.0000   POWR =   0.0000
 NX=2 SURFACE W-S    V RL =   0.0000   R0RL =   0.0000   A RL =   0.0000   R RL =   0.0000   VSOR =   0.0000
                     V IM =  42.3400   R0IM =   1.3800   A IM =   0.7360   R IM =   4.5567   VSOI =   0.0000   POWR =   0.0000
 NX=4 L*S VOLUME     V RL = -14.2280   R0RL =   0.9720   A RL =   1.0110   R RL =   3.2095   VSOR =   0.0000
                     V IM =   0.0000   R0IM =   0.0000   A IM =   0.0000   R IM =   0.0000   VSOI =   0.0000   POWR =   0.0000
0PARTICLE 2*******************************************************************************************************************
 INPUT DATA          ELAB =  17.7028   RC0  =   1.2920   AC   =   0.0000   2*STR=   1.0000
                     MASSP=   1.0000   MASST=  37.0000   Q    =   2.0790
                     ZP   =   1.0000   ZT   =  16.0000   PNLOC=   0.0000
 
 DERIVED DATA        ECM  =  17.2369   RC   =   4.3052   RHO  =   3.8579
                     K    =   0.8961   ETA  =   0.5989   DR   =   0.2919
0POTENTIAL PARAMETERS
 NX=1 VOLUME  W-S    V RL = -56.2490   R0RL =   1.1820   A RL =   0.6720   R RL =   3.9387   VSOR =   0.0000
                     V IM =  -0.7860   R0IM =   1.1820   A IM =   0.6720   R IM =   3.9387   VSOI =   0.0000   POWR =   0.0000
 NX=2 SURFACE W-S    V RL =   0.0000   R0RL =   0.0000   A RL =   0.0000   R RL =   0.0000   VSOR =   0.0000
                     V IM =  34.8360   R0IM =   1.2900   A IM =   0.5380   R IM =   4.2986   VSOI =   0.0000   POWR =   0.0000
 NX=4 L*S VOLUME     V RL = -22.4560   R0RL =   0.9910   A RL =   0.5900   R RL =   3.3022   VSOR =   0.0000
                     V IM =   0.1560   R0IM =   0.9910   A IM =   0.5900   R IM =   3.3022   VSOI =   0.0000   POWR =   0.0000
136S(d,p)@ 16MeV    0 keV  0f7/2 bound ZR                       0/ 0/ 0
0FORM FACTOR DATA 
0PARTICLE 3*******************************************************************************************************************
 INPUT DATA          ELAB =  -4.3040   RC0  =   1.3000   AC   =   0.0000   2*STR=   1.0000
                     MASSP=   1.0000   MASST=  36.0000   Q    =  -4.3040
                     ZP   =   0.0000   ZT   =  16.0000   PNLOC=   0.0000
 
 DERIVED DATA        ECM  =  -4.3040   RC   =   4.2925   RHO  =   1.9214
                     K    =   0.4476   ETA  =   0.0000   DR   =   0.3000
0POTENTIAL PARAMETERS
 NX=1 VOLUME  W-S    V RL =  -1.0000   R0RL =   1.2800   A RL =   0.6500   R RL =   4.2265   VSOR =  24.0000
                     V IM =   0.0000   R0IM =   0.0000   A IM =   0.0000   R IM =   0.0000   VSOI =   0.0000   POWR =   0.0000
 
                     NODES=   0.0000   L    =   3.0000   2*J  =   7.0000   2*S  =   1.0000   FISW =   0.0000
 
                     V    =  47.9967   DET  =   0.0005   NODES=   0.0000   RM   =   4.9500   E    =  -4.3040   ITER.=   4
0                    LMAX =  30        NSTEP= 166        NLTR =   1
 Bdwck4 entered
   Subroutine INTEG  entered
0REACSIG 1   1.47104E+02                                             REACSIG 2   9.71001E+01
   Subroutine RADINT entered
136S(d,p)@ 16MeV    0 keV  0f7/2 bound ZR                       0/00/00
0BASIC DATA          DR   =   0.3000   RMIN =   0.0000   RMAX =  49.8000   COUEX=   0.0000     IS1=   1.0000
                     FNRNG=   0.7000   PNLC1=   0.0000   PNLC2=   0.0000   PNLC3=   0.0000     IS2=   0.5000
 ANG MOM TRANSFER    LTR  =   3.       2*JTR=   7.       2*STR=   1.       Q    =   2.0790
   Subroutine INSIG  entered
0 Theta Inelsig,fm**2      Polz       Asy       Ayy       A22       A21       A20       T22       T21       T20  Theta
   0.00    2.7417E-01    0.0000    0.0000    0.0330    0.0000    0.0000   -0.0461    0.0000    0.0000    0.0000   0.00
   1.00    2.7671E-01    0.0075   -0.0049    0.0313    0.0006   -0.0014   -0.0452    0.0000    0.0000    0.0000   1.00
   2.00    2.8430E-01    0.0142   -0.0098    0.0263    0.0024   -0.0027   -0.0424    0.0000    0.0000    0.0000   2.00
   3.00    2.9690E-01    0.0195   -0.0147    0.0187    0.0051   -0.0038   -0.0383    0.0000    0.0000    0.0000   3.00
   4.00    3.1440E-01    0.0231   -0.0194    0.0095    0.0083   -0.0047   -0.0331    0.0000    0.0000    0.0000   4.00
   5.00    3.3671E-01    0.0249   -0.0239   -0.0005    0.0118   -0.0054   -0.0275    0.0000    0.0000    0.0000   5.00
   6.00    3.6365E-01    0.0252   -0.0280   -0.0103    0.0151   -0.0059   -0.0218    0.0000    0.0000    0.0000   6.00
   7.00    3.9506E-01    0.0240   -0.0315   -0.0194    0.0181   -0.0061   -0.0164    0.0000    0.0000    0.0000   7.00
   8.00    4.3071E-01    0.0219   -0.0344   -0.0272    0.0206   -0.0062   -0.0115    0.0000    0.0000    0.0000   8.00
   9.00    4.7034E-01    0.0192   -0.0363   -0.0335    0.0225   -0.0061   -0.0072    0.0000    0.0000    0.0000   9.00
  10.00    5.1366E-01    0.0162   -0.0374   -0.0383    0.0239   -0.0059   -0.0036    0.0000    0.0000    0.0000  10.00
  11.00    5.6029E-01    0.0132   -0.0374   -0.0416    0.0246   -0.0056   -0.0007    0.0000    0.0000    0.0000  11.00
  12.00    6.0978E-01    0.0104   -0.0364   -0.0436    0.0248   -0.0053    0.0015    0.0000    0.0000    0.0000  12.00
  13.00    6.6163E-01    0.0079   -0.0344   -0.0443    0.0245   -0.0049    0.0032    0.0000    0.0000    0.0000  13.00
  14.00    7.1520E-01    0.0059   -0.0315   -0.0440    0.0239   -0.0045    0.0043    0.0000    0.0000    0.0000  14.00
  15.00    7.6979E-01    0.0044   -0.0277   -0.0428    0.0229   -0.0041    0.0050    0.0000    0.0000    0.0000  15.00
  16.00    8.2460E-01    0.0034   -0.0231   -0.0410    0.0217   -0.0037    0.0054    0.0000    0.0000    0.0000  16.00
  17.00    8.7874E-01    0.0029   -0.0178   -0.0385    0.0203   -0.0033    0.0054    0.0000    0.0000    0.0000  17.00
  18.00    9.3128E-01    0.0028   -0.0119   -0.0357    0.0187   -0.0029    0.0051    0.0000    0.0000    0.0000  18.00
  19.00    9.8122E-01    0.0032   -0.0055   -0.0325    0.0171   -0.0025    0.0047    0.0000    0.0000    0.0000  19.00
  20.00    1.0276E+00    0.0039    0.0012   -0.0292    0.0154   -0.0021    0.0041    0.0000    0.0000    0.0000  20.00
  21.00    1.0693E+00    0.0049    0.0083   -0.0257    0.0137   -0.0017    0.0033    0.0000    0.0000    0.0000  21.00
  22.00    1.1056E+00    0.0061    0.0155   -0.0221    0.0120   -0.0013    0.0025    0.0000    0.0000    0.0000  22.00
  23.00    1.1356E+00    0.0076    0.0229   -0.0186    0.0103   -0.0009    0.0016    0.0000    0.0000    0.0000  23.00
  24.00    1.1585E+00    0.0092    0.0303   -0.0150    0.0086   -0.0006    0.0006    0.0000    0.0000    0.0000  24.00
  25.00    1.1737E+00    0.0109    0.0378   -0.0115    0.0070   -0.0002   -0.0004    0.0000    0.0000    0.0000  25.00
  26.00    1.1810E+00    0.0127    0.0452   -0.0080    0.0054    0.0001   -0.0014    0.0000    0.0000    0.0000  26.00
  27.00    1.1800E+00    0.0145    0.0526   -0.0046    0.0039    0.0004   -0.0025    0.0000    0.0000    0.0000  27.00
  28.00    1.1707E+00    0.0163    0.0598   -0.0012    0.0024    0.0007   -0.0036    0.0000    0.0000    0.0000  28.00
  29.00    1.1533E+00    0.0181    0.0670    0.0021    0.0010    0.0010   -0.0048    0.0000    0.0000    0.0000  29.00
  30.00    1.1281E+00    0.0197    0.0740    0.0054   -0.0004    0.0013   -0.0059    0.0000    0.0000    0.0000  30.00
  31.00    1.0957E+00    0.0213    0.0808    0.0086   -0.0018    0.0016   -0.0071    0.0000    0.0000    0.0000  31.00
  32.00    1.0567E+00    0.0228    0.0875    0.0117   -0.0031    0.0019   -0.0083    0.0000    0.0000    0.0000  32.00
  33.00    1.0119E+00    0.0242    0.0940    0.0148   -0.0044    0.0021   -0.0096    0.0000    0.0000    0.0000  33.00
  34.00    9.6222E-01    0.0254    0.1002    0.0180   -0.0057    0.0024   -0.0109    0.0000    0.0000    0.0000  34.00
  35.00    9.0865E-01    0.0265    0.1063    0.0211   -0.0069    0.0026   -0.0122    0.0000    0.0000    0.0000  35.00
  36.00    8.5219E-01    0.0274    0.1122    0.0242   -0.0082    0.0029   -0.0136    0.0000    0.0000    0.0000  36.00
  37.00    7.9386E-01    0.0282    0.1179    0.0273   -0.0094    0.0031   -0.0151    0.0000    0.0000    0.0000  37.00
  38.00    7.3467E-01    0.0288    0.1235    0.0305   -0.0106    0.0033   -0.0166    0.0000    0.0000    0.0000  38.00
  39.00    6.7559E-01    0.0292    0.1288    0.0338   -0.0118    0.0035   -0.0182    0.0000    0.0000    0.0000  39.00
  40.00    6.1749E-01    0.0295    0.1339    0.0371   -0.0131    0.0037   -0.0198    0.0000    0.0000    0.0000  40.00
  41.00    5.6120E-01    0.0297    0.1388    0.0405   -0.0144    0.0038   -0.0215    0.0000    0.0000    0.0000  41.00
  42.00    5.0742E-01    0.0299    0.1435    0.0441   -0.0157    0.0040   -0.0233    0.0000    0.0000    0.0000  42.00
  43.00    4.5674E-01    0.0301    0.1480    0.0477   -0.0170    0.0040   -0.0252    0.0000    0.0000    0.0000  43.00
  44.00    4.0963E-01    0.0303    0.1524    0.0515   -0.0185    0.0041   -0.0271    0.0000    0.0000    0.0000  44.00
  45.00    3.6645E-01    0.0308    0.1565    0.0555   -0.0200    0.0041   -0.0289    0.0000    0.0000    0.0000  45.00
  46.00    3.2743E-01    0.0315    0.1606    0.0596   -0.0216    0.0040   -0.0308    0.0000    0.0000    0.0000  46.00
  47.00    2.9269E-01    0.0328    0.1644    0.0639   -0.0233    0.0038   -0.0326    0.0000    0.0000    0.0000  47.00
  48.00    2.6224E-01    0.0348    0.1681    0.0683   -0.0252    0.0036   -0.0343    0.0000    0.0000    0.0000  48.00
  49.00    2.3599E-01    0.0376    0.1717    0.0728   -0.0272    0.0032   -0.0357    0.0000    0.0000    0.0000  49.00
  50.00    2.1379E-01    0.0414    0.1751    0.0773   -0.0294    0.0028   -0.0368    0.0000    0.0000    0.0000  50.00
  51.00    1.9538E-01    0.0463    0.1784    0.0819   -0.0317    0.0024   -0.0376    0.0000    0.0000    0.0000  51.00
  52.00    1.8047E-01    0.0522    0.1815    0.0864   -0.0341    0.0019   -0.0380    0.0000    0.0000    0.0000  52.00
  53.00    1.6873E-01    0.0591    0.1845    0.0908   -0.0366    0.0013   -0.0380    0.0000    0.0000    0.0000  53.00
  54.00    1.5979E-01    0.0666    0.1873    0.0950   -0.0393    0.0008   -0.0376    0.0000    0.0000    0.0000  54.00
  55.00    1.5327E-01    0.0745    0.1898    0.0991   -0.0419    0.0004   -0.0369    0.0000    0.0000    0.0000  55.00
  56.00    1.4880E-01    0.0823    0.1921    0.1030   -0.0445    0.0000   -0.0360    0.0000    0.0000    0.0000  56.00
  57.00    1.4599E-01    0.0897    0.1941    0.1068   -0.0471   -0.0002   -0.0350    0.0000    0.0000    0.0000  57.00
  58.00    1.4449E-01    0.0965    0.1959    0.1106   -0.0497   -0.0004   -0.0341    0.0000    0.0000    0.0000  58.00
  59.00    1.4398E-01    0.1023    0.1973    0.1144   -0.0522   -0.0004   -0.0334    0.0000    0.0000    0.0000  59.00
  60.00    1.4413E-01    0.1072    0.1985    0.1182   -0.0546   -0.0004   -0.0329    0.0000    0.0000    0.0000  60.00
  61.00    1.4470E-01    0.1110    0.1994    0.1221   -0.0569   -0.0002   -0.0326    0.0000    0.0000    0.0000  61.00
  62.00    1.4545E-01    0.1139    0.2000    0.1261   -0.0593    0.0001   -0.0326    0.0000    0.0000    0.0000  62.00
  63.00    1.4619E-01    0.1158    0.2004    0.1302   -0.0615    0.0004   -0.0328    0.0000    0.0000    0.0000  63.00
  64.00    1.4676E-01    0.1168    0.2005    0.1343   -0.0637    0.0008   -0.0333    0.0000    0.0000    0.0000  64.00
  65.00    1.4706E-01    0.1170    0.2004    0.1385   -0.0658    0.0013   -0.0340    0.0000    0.0000    0.0000  65.00
  66.00    1.4699E-01    0.1164    0.2001    0.1427   -0.0679    0.0018   -0.0349    0.0000    0.0000    0.0000  66.00
  67.00    1.4651E-01    0.1151    0.1995    0.1467   -0.0698    0.0024   -0.0359    0.0000    0.0000    0.0000  67.00
  68.00    1.4558E-01    0.1131    0.1988    0.1506   -0.0716    0.0030   -0.0371    0.0000    0.0000    0.0000  68.00
  69.00    1.4422E-01    0.1105    0.1979    0.1542   -0.0731    0.0037   -0.0383    0.0000    0.0000    0.0000  69.00
  70.00    1.4243E-01    0.1072    0.1968    0.1574   -0.0745    0.0043   -0.0394    0.0000    0.0000    0.0000  70.00
  71.00    1.4025E-01    0.1033    0.1957    0.1601   -0.0756    0.0051   -0.0406    0.0000    0.0000    0.0000  71.00
  72.00    1.3773E-01    0.0989    0.1944    0.1621   -0.0763    0.0058   -0.0416    0.0000    0.0000    0.0000  72.00
  73.00    1.3491E-01    0.0938    0.1930    0.1632   -0.0767    0.0066   -0.0424    0.0000    0.0000    0.0000  73.00
  74.00    1.3185E-01    0.0882    0.1916    0.1634   -0.0765    0.0074   -0.0430    0.0000    0.0000    0.0000  74.00
  75.00    1.2860E-01    0.0820    0.1902    0.1625   -0.0759    0.0082   -0.0433    0.0000    0.0000    0.0000  75.00
  76.00    1.2523E-01    0.0752    0.1887    0.1602   -0.0746    0.0090   -0.0432    0.0000    0.0000    0.0000  76.00
  77.00    1.2178E-01    0.0680    0.1873    0.1565   -0.0727    0.0098   -0.0426    0.0000    0.0000    0.0000  77.00
  78.00    1.1830E-01    0.0602    0.1860    0.1512   -0.0700    0.0106   -0.0416    0.0000    0.0000    0.0000  78.00
  79.00    1.1482E-01    0.0519    0.1847    0.1441   -0.0666    0.0113   -0.0400    0.0000    0.0000    0.0000  79.00
  80.00    1.1139E-01    0.0432    0.1835    0.1353   -0.0625    0.0120   -0.0377    0.0000    0.0000    0.0000  80.00
  81.00    1.0802E-01    0.0341    0.1824    0.1247   -0.0575    0.0127   -0.0349    0.0000    0.0000    0.0000  81.00
  82.00    1.0474E-01    0.0246    0.1814    0.1122   -0.0517    0.0132   -0.0313    0.0000    0.0000    0.0000  82.00
  83.00    1.0156E-01    0.0149    0.1805    0.0979   -0.0452    0.0136   -0.0271    0.0000    0.0000    0.0000  83.00
  84.00    9.8483E-02    0.0049    0.1796    0.0820   -0.0380    0.0140   -0.0223    0.0000    0.0000    0.0000  84.00
  85.00    9.5519E-02   -0.0053    0.1788    0.0645   -0.0301    0.0142   -0.0168    0.0000    0.0000    0.0000  85.00
  86.00    9.2664E-02   -0.0156    0.1779    0.0456   -0.0217    0.0142   -0.0108    0.0000    0.0000    0.0000  86.00
  87.00    8.9913E-02   -0.0260    0.1771    0.0256   -0.0128    0.0141   -0.0042    0.0000    0.0000    0.0000  87.00
  88.00    8.7260E-02   -0.0363    0.1761    0.0046   -0.0036    0.0139    0.0028    0.0000    0.0000    0.0000  88.00
  89.00    8.4696E-02   -0.0467    0.1751   -0.0169    0.0059    0.0135    0.0101    0.0000    0.0000    0.0000  89.00
0Tot-sig   2.5355E+00
1DWUCK4-DISTORTED WAVES U.COLORADO- PC-VERSION  12/Jan /1995
 Elapsed time in seconds =   0.00
 Elapsed time in seconds =   0.00
0CONTROL INTEGERS
  1 2 3 4 5 6 7 8 9 A B C D E F G H I J K    RUN IDENTIFICATION                                             0/00/00   0.00.00
  1 0 0 1 0 0 0 0 0 0 2 0 0 0 0 0 0 0 0 0    36S(d,p)@ 8MeV    645 keV  1p3/2 bound ZR                   
 36S(d,p)@ 8MeV    645 keV  1p3/2 bound ZR                   
 Adwck4 entered
0ANGLE DATA          THETN=  90.0000   THET1=   0.0000   DTHET=   1.0000   A-ANG=   0.0000   B-ANG=   0.0000
0CARD SET 3 DATA     LMAX =  30          LTR=   1
                     NLTR =   1        2*JTR=   3
0CARD SET 4 DATA     DRF  =   0.3000   RZ   =   0.0000   RMAX =  50.0000   VCE  =   0.0000   FNRNG=   0.7000
 PARTICLE DATA 
0PARTICLE 1*******************************************************************************************************************
 INPUT DATA          ELAB =  16.0000   RC0  =   1.3030   AC   =   0.0000   2*STR=   2.0000
                     MASSP=   2.0000   MASST=  36.0000   Q    =   0.0000
                     ZP   =   1.0000   ZT   =  16.0000   PNLOC=   0.0000
 
 DERIVED DATA        ECM  =  15.1579   RC   =   4.3024   RHO  =   5.0434
                     K    =   1.1722   ETA  =   0.8909   DR   =   0.3000
0POTENTIAL PARAMETERS
 NX=1 VOLUME  W-S    V RL = -92.9760   R0RL =   1.1500   A RL =   0.7610   R RL =   3.7972   VSOR =   0.0000
                     V IM =  -1.6020   R0IM =   1.3350   A IM =   0.5250   R IM =   4.4081   VSOI =   0.0000   POWR =   0.0000
 NX=2 SURFACE W-S    V RL =   0.0000   R0RL =   0.0000   A RL =   0.0000   R RL =   0.0000   VSOR =   0.0000
                     V IM =  43.4320   R0IM =   1.3800   A IM =   0.7360   R IM =   4.5567   VSOI =   0.0000   POWR =   0.0000
 NX=4 L*S VOLUME     V RL = -14.2280   R0RL =   0.9720   A RL =   1.0110   R RL =   3.2095   VSOR =   0.0000
                     V IM =   0.0000   R0IM =   0.0000   A IM =   0.0000   R IM =   0.0000   VSOI =   0.0000   POWR =   0.0000
0PARTICLE 2*******************************************************************************************************************
 INPUT DATA          ELAB =  17.0403   RC0  =   1.2920   AC   =   0.0000   2*STR=   1.0000
                     MASSP=   1.0000   MASST=  37.0000   Q    =   1.4340
                     ZP   =   1.0000   ZT   =  16.0000   PNLOC=   0.0000
 
 DERIVED DATA        ECM  =  16.5919   RC   =   4.3052   RHO  =   3.7851
                     K    =   0.8792   ETA  =   0.6104   DR   =   0.2919
0POTENTIAL PARAMETERS
 NX=1 VOLUME  W-S    V RL = -56.5100   R0RL =   1.1820   A RL =   0.6720   R RL =   3.9387   VSOR =   0.0000
                     V IM =  -0.7340   R0IM =   1.1820   A IM =   0.6720   R IM =   3.9387   VSOI =   0.0000   POWR =   0.0000
 NX=2 SURFACE W-S    V RL =   0.0000   R0RL =   0.0000   A RL =   0.0000   R RL =   0.0000   VSOR =   0.0000
                     V IM =  34.5680   R0IM =   1.2900   A IM =   0.5380   R IM =   4.2986   VSOI =   0.0000   POWR =   0.0000
 NX=4 L*S VOLUME     V RL = -22.5160   R0RL =   0.9910   A RL =   0.5900   R RL =   3.3022   VSOR =   0.0000
                     V IM =   0.1440   R0IM =   0.9910   A IM =   0.5900   R IM =   3.3022   VSOI =   0.0000   POWR =   0.0000
136S(d,p)@ 8MeV    645 keV  1p3/2 bound ZR                      0/ 0/ 0
0FORM FACTOR DATA 
0PARTICLE 3*******************************************************************************************************************
 INPUT DATA          ELAB =  -3.6590   RC0  =   1.3000   AC   =   0.0000   2*STR=   1.0000
                     MASSP=   1.0000   MASST=  36.0000   Q    =  -3.6590
                     ZP   =   0.0000   ZT   =  16.0000   PNLOC=   0.0000
 
 DERIVED DATA        ECM  =  -3.6590   RC   =   4.2925   RHO  =   1.7716
                     K    =   0.4127   ETA  =   0.0000   DR   =   0.3000
0POTENTIAL PARAMETERS
 NX=1 VOLUME  W-S    V RL =  -1.0000   R0RL =   1.2800   A RL =   0.6500   R RL =   4.2265   VSOR =  24.0000
                     V IM =   0.0000   R0IM =   0.0000   A IM =   0.0000   R IM =   0.0000   VSOI =   0.0000   POWR =   0.0000
 
                     NODES=   1.0000   L    =   1.0000   2*J  =   3.0000   2*S  =   1.0000   FISW =   0.0000
 
                     V    =  51.1936   DET  =   0.0004   NODES=   1.0000   RM   =   5.8500   E    =  -3.6590   ITER.=   4
0                    LMAX =  30        NSTEP= 166        NLTR =   1
 Bdwck4 entered
   Subroutine INTEG  entered
0REACSIG 1   1.47657E+02                                             REACSIG 2   9.68075E+01
   Subroutine RADINT entered
136S(d,p)@ 8MeV    645 keV  1p3/2 bound ZR                      0/00/00
0BASIC DATA          DR   =   0.3000   RMIN =   0.0000   RMAX =  49.8000   COUEX=   0.0000     IS1=   1.0000
                     FNRNG=   0.7000   PNLC1=   0.0000   PNLC2=   0.0000   PNLC3=   0.0000     IS2=   0.5000
 ANG MOM TRANSFER    LTR  =   1.       2*JTR=   3.       2*STR=   1.       Q    =   1.4340
   Subroutine INSIG  entered
0 Theta Inelsig,fm**2      Polz       Asy       Ayy       A22       A21       A20       T22       T21       T20  Theta
   0.00    7.0015E+00    0.0000    0.0000   -0.0110    0.0000    0.0000    0.0162    0.0000    0.0000    0.0000   0.00
   1.00    7.0018E+00    0.0060    0.0128   -0.0108   -0.0001    0.0003    0.0160    0.0000    0.0000    0.0000   1.00
   2.00    7.0013E+00    0.0117    0.0253   -0.0102   -0.0003    0.0007    0.0157    0.0000    0.0000    0.0000   2.00
   3.00    6.9960E+00    0.0171    0.0370   -0.0092   -0.0006    0.0010    0.0151    0.0000    0.0000    0.0000   3.00
   4.00    6.9795E+00    0.0219    0.0479   -0.0078   -0.0011    0.0013    0.0143    0.0000    0.0000    0.0000   4.00
   5.00    6.9439E+00    0.0261    0.0577   -0.0062   -0.0016    0.0015    0.0133    0.0000    0.0000    0.0000   5.00
   6.00    6.8806E+00    0.0296    0.0663   -0.0043   -0.0023    0.0017    0.0122    0.0000    0.0000    0.0000   6.00
   7.00    6.7816E+00    0.0324    0.0737   -0.0022   -0.0030    0.0019    0.0110    0.0000    0.0000    0.0000   7.00
   8.00    6.6397E+00    0.0346    0.0800    0.0001   -0.0038    0.0021    0.0098    0.0000    0.0000    0.0000   8.00
   9.00    6.4499E+00    0.0361    0.0854    0.0024   -0.0046    0.0022    0.0084    0.0000    0.0000    0.0000   9.00
  10.00    6.2093E+00    0.0371    0.0898    0.0049   -0.0055    0.0023    0.0070    0.0000    0.0000    0.0000  10.00
  11.00    5.9183E+00    0.0376    0.0934    0.0075   -0.0064    0.0023    0.0056    0.0000    0.0000    0.0000  11.00
  12.00    5.5798E+00    0.0376    0.0964    0.0102   -0.0074    0.0023    0.0041    0.0000    0.0000    0.0000  12.00
  13.00    5.1994E+00    0.0373    0.0988    0.0131   -0.0084    0.0023    0.0026    0.0000    0.0000    0.0000  13.00
  14.00    4.7850E+00    0.0367    0.1008    0.0160   -0.0094    0.0023    0.0010    0.0000    0.0000    0.0000  14.00
  15.00    4.3462E+00    0.0358    0.1024    0.0191   -0.0105    0.0022   -0.0007    0.0000    0.0000    0.0000  15.00
  16.00    3.8936E+00    0.0347    0.1036    0.0223   -0.0116    0.0021   -0.0025    0.0000    0.0000    0.0000  16.00
  17.00    3.4381E+00    0.0335    0.1045    0.0257   -0.0128    0.0018   -0.0044    0.0000    0.0000    0.0000  17.00
  18.00    2.9905E+00    0.0323    0.1052    0.0292   -0.0140    0.0016   -0.0065    0.0000    0.0000    0.0000  18.00
  19.00    2.5607E+00    0.0311    0.1056    0.0328   -0.0151    0.0012   -0.0088    0.0000    0.0000    0.0000  19.00
  20.00    2.1574E+00    0.0300    0.1056    0.0364   -0.0162    0.0007   -0.0113    0.0000    0.0000    0.0000  20.00
  21.00    1.7874E+00    0.0295    0.1053    0.0398   -0.0170   -0.0001   -0.0139    0.0000    0.0000    0.0000  21.00
  22.00    1.4561E+00    0.0296    0.1044    0.0426   -0.0175   -0.0010   -0.0168    0.0000    0.0000    0.0000  22.00
  23.00    1.1666E+00    0.0310    0.1026    0.0443   -0.0173   -0.0023   -0.0197    0.0000    0.0000    0.0000  23.00
  24.00    9.2040E-01    0.0344    0.0994    0.0439   -0.0159   -0.0041   -0.0224    0.0000    0.0000    0.0000  24.00
  25.00    7.1734E-01    0.0407    0.0939    0.0396   -0.0127   -0.0066   -0.0244    0.0000    0.0000    0.0000  25.00
  26.00    5.5565E-01    0.0513    0.0849    0.0292   -0.0064   -0.0098   -0.0250    0.0000    0.0000    0.0000  26.00
  27.00    4.3242E-01    0.0674    0.0706    0.0093    0.0042   -0.0138   -0.0228    0.0000    0.0000    0.0000  27.00
  28.00    3.4379E-01    0.0891    0.0495   -0.0225    0.0199   -0.0184   -0.0163    0.0000    0.0000    0.0000  28.00
  29.00    2.8529E-01    0.1141    0.0215   -0.0660    0.0401   -0.0230   -0.0043    0.0000    0.0000    0.0000  29.00
  30.00    2.5210E-01    0.1370   -0.0107   -0.1150    0.0616   -0.0263    0.0123    0.0000    0.0000    0.0000  30.00
  31.00    2.3931E-01    0.1511   -0.0416   -0.1588    0.0795   -0.0276    0.0303    0.0000    0.0000    0.0000  31.00
  32.00    2.4213E-01    0.1535   -0.0668   -0.1887    0.0904   -0.0268    0.0459    0.0000    0.0000    0.0000  32.00
  33.00    2.5612E-01    0.1458   -0.0850   -0.2026    0.0940   -0.0245    0.0569    0.0000    0.0000    0.0000  33.00
  34.00    2.7726E-01    0.1316   -0.0978   -0.2040    0.0921   -0.0217    0.0634    0.0000    0.0000    0.0000  34.00
  35.00    3.0207E-01    0.1145   -0.1074   -0.1975    0.0871   -0.0190    0.0664    0.0000    0.0000    0.0000  35.00
  36.00    3.2769E-01    0.0964   -0.1158   -0.1865    0.0806   -0.0165    0.0670    0.0000    0.0000    0.0000  36.00
  37.00    3.5184E-01    0.0783   -0.1243   -0.1735    0.0734   -0.0145    0.0660    0.0000    0.0000    0.0000  37.00
  38.00    3.7285E-01    0.0607   -0.1335   -0.1595    0.0661   -0.0128    0.0642    0.0000    0.0000    0.0000  38.00
  39.00    3.8960E-01    0.0435   -0.1439   -0.1450    0.0588   -0.0115    0.0617    0.0000    0.0000    0.0000  39.00
  40.00    4.0147E-01    0.0266   -0.1555   -0.1301    0.0514   -0.0105    0.0587    0.0000    0.0000    0.0000  40.00
  41.00    4.0825E-01    0.0099   -0.1683   -0.1149    0.0440   -0.0097    0.0552    0.0000    0.0000    0.0000  41.00
  42.00    4.1010E-01   -0.0067   -0.1823   -0.0991    0.0365   -0.0091    0.0514    0.0000    0.0000    0.0000  42.00
  43.00    4.0742E-01   -0.0233   -0.1972   -0.0826    0.0287   -0.0086    0.0470    0.0000    0.0000    0.0000  43.00
  44.00    4.0082E-01   -0.0400   -0.2127   -0.0651    0.0206   -0.0083    0.0422    0.0000    0.0000    0.0000  44.00
  45.00    3.9102E-01   -0.0565   -0.2284   -0.0466    0.0121   -0.0081    0.0368    0.0000    0.0000    0.0000  45.00
  46.00    3.7879E-01   -0.0730   -0.2438   -0.0268    0.0031   -0.0079    0.0308    0.0000    0.0000    0.0000  46.00
  47.00    3.6492E-01   -0.0891   -0.2583   -0.0060   -0.0062   -0.0078    0.0242    0.0000    0.0000    0.0000  47.00
  48.00    3.5013E-01   -0.1047   -0.2712    0.0160   -0.0159   -0.0078    0.0170    0.0000    0.0000    0.0000  48.00
  49.00    3.3508E-01   -0.1193   -0.2817    0.0387   -0.0258   -0.0077    0.0092    0.0000    0.0000    0.0000  49.00
  50.00    3.2032E-01   -0.1326   -0.2889    0.0617   -0.0358   -0.0076    0.0010    0.0000    0.0000    0.0000  50.00
  51.00    3.0629E-01   -0.1443   -0.2921    0.0846   -0.0455   -0.0075   -0.0075    0.0000    0.0000    0.0000  51.00
  52.00    2.9332E-01   -0.1540   -0.2907    0.1065   -0.0547   -0.0073   -0.0160    0.0000    0.0000    0.0000  52.00
  53.00    2.8161E-01   -0.1614   -0.2843    0.1268   -0.0630   -0.0070   -0.0243    0.0000    0.0000    0.0000  53.00
  54.00    2.7125E-01   -0.1664   -0.2727    0.1446   -0.0702   -0.0067   -0.0320    0.0000    0.0000    0.0000  54.00
  55.00    2.6225E-01   -0.1689   -0.2562    0.1592   -0.0758   -0.0062   -0.0390    0.0000    0.0000    0.0000  55.00
  56.00    2.5453E-01   -0.1691   -0.2352    0.1700   -0.0796   -0.0056   -0.0448    0.0000    0.0000    0.0000  56.00
  57.00    2.4793E-01   -0.1673   -0.2108    0.1767   -0.0816   -0.0050   -0.0493    0.0000    0.0000    0.0000  57.00
  58.00    2.4227E-01   -0.1640   -0.1837    0.1791   -0.0817   -0.0042   -0.0525    0.0000    0.0000    0.0000  58.00
  59.00    2.3733E-01   -0.1594   -0.1551    0.1772   -0.0799   -0.0035   -0.0542    0.0000    0.0000    0.0000  59.00
  60.00    2.3287E-01   -0.1543   -0.1260    0.1713   -0.0764   -0.0027   -0.0544    0.0000    0.0000    0.0000  60.00
  61.00    2.2866E-01   -0.1490   -0.0974    0.1616   -0.0713   -0.0019   -0.0533    0.0000    0.0000    0.0000  61.00
  62.00    2.2448E-01   -0.1439   -0.0700    0.1486   -0.0648   -0.0011   -0.0509    0.0000    0.0000    0.0000  62.00
  63.00    2.2014E-01   -0.1394   -0.0445    0.1327   -0.0570   -0.0004   -0.0473    0.0000    0.0000    0.0000  63.00
  64.00    2.1548E-01   -0.1358   -0.0214    0.1143   -0.0483    0.0002   -0.0428    0.0000    0.0000    0.0000  64.00
  65.00    2.1038E-01   -0.1333   -0.0010    0.0937   -0.0386    0.0008   -0.0373    0.0000    0.0000    0.0000  65.00
  66.00    2.0475E-01   -0.1321    0.0166    0.0713   -0.0283    0.0013   -0.0310    0.0000    0.0000    0.0000  66.00
  67.00    1.9854E-01   -0.1321    0.0311    0.0474   -0.0173    0.0017   -0.0240    0.0000    0.0000    0.0000  67.00
  68.00    1.9176E-01   -0.1334    0.0425    0.0221   -0.0058    0.0020   -0.0165    0.0000    0.0000    0.0000  68.00
  69.00    1.8443E-01   -0.1361    0.0508   -0.0043    0.0062    0.0022   -0.0084    0.0000    0.0000    0.0000  69.00
  70.00    1.7661E-01   -0.1401    0.0559   -0.0317    0.0185    0.0023    0.0002    0.0000    0.0000    0.0000  70.00
  71.00    1.6840E-01   -0.1452    0.0577   -0.0599    0.0311    0.0021    0.0091    0.0000    0.0000    0.0000  71.00
  72.00    1.5991E-01   -0.1515    0.0565   -0.0886    0.0439    0.0019    0.0184    0.0000    0.0000    0.0000  72.00
  73.00    1.5126E-01   -0.1586    0.0520   -0.1177    0.0568    0.0014    0.0278    0.0000    0.0000    0.0000  73.00
  74.00    1.4257E-01   -0.1664    0.0444   -0.1467    0.0696    0.0007    0.0374    0.0000    0.0000    0.0000  74.00
  75.00    1.3400E-01   -0.1745    0.0338   -0.1752    0.0822   -0.0001    0.0470    0.0000    0.0000    0.0000  75.00
  76.00    1.2566E-01   -0.1827    0.0202   -0.2027    0.0943   -0.0012    0.0563    0.0000    0.0000    0.0000  76.00
  77.00    1.1768E-01   -0.1903    0.0039   -0.2285    0.1055   -0.0026    0.0652    0.0000    0.0000    0.0000  77.00
  78.00    1.1019E-01   -0.1968   -0.0148   -0.2516    0.1155   -0.0041    0.0734    0.0000    0.0000    0.0000  78.00
  79.00    1.0327E-01   -0.2017   -0.0352   -0.2711    0.1239   -0.0059    0.0805    0.0000    0.0000    0.0000  79.00
  80.00    9.7003E-02   -0.2042   -0.0569   -0.2859    0.1301   -0.0079    0.0861    0.0000    0.0000    0.0000  80.00
  81.00    9.1460E-02   -0.2037   -0.0787   -0.2949    0.1337   -0.0100    0.0899    0.0000    0.0000    0.0000  81.00
  82.00    8.6677E-02   -0.1996   -0.0997   -0.2970    0.1343   -0.0122    0.0916    0.0000    0.0000    0.0000  82.00
  83.00    8.2678E-02   -0.1916   -0.1187   -0.2916    0.1315   -0.0143    0.0909    0.0000    0.0000    0.0000  83.00
  84.00    7.9464E-02   -0.1793   -0.1347   -0.2784    0.1252   -0.0163    0.0876    0.0000    0.0000    0.0000  84.00
  85.00    7.7018E-02   -0.1632   -0.1465   -0.2576    0.1156   -0.0181    0.0818    0.0000    0.0000    0.0000  85.00
  86.00    7.5306E-02   -0.1436   -0.1535   -0.2300    0.1029   -0.0196    0.0737    0.0000    0.0000    0.0000  86.00
  87.00    7.4281E-02   -0.1214   -0.1553   -0.1970    0.0880   -0.0206    0.0637    0.0000    0.0000    0.0000  87.00
  88.00    7.3878E-02   -0.0976   -0.1521   -0.1602    0.0713   -0.0213    0.0524    0.0000    0.0000    0.0000  88.00
  89.00    7.4027E-02   -0.0733   -0.1443   -0.1213    0.0539   -0.0214    0.0402    0.0000    0.0000    0.0000  89.00
0Tot-sig   3.6684E+00
1DWUCK4-DISTORTED WAVES U.COLORADO- PC-VERSION  12/Jan /1995
 Elapsed time in seconds =   0.00
 Elapsed time in seconds =   0.00
0CONTROL INTEGERS
  1 2 3 4 5 6 7 8 9 A B C D E F G H I J K    RUN IDENTIFICATION                                             0/00/00   0.00.00
  9 0 0 0 0 0 0 0 0 0 0 0 0 0 0 0 0 0 0 0    END OF DATA for DWUCK4                                      
